[2016-12-31 09:23:38] local.INFO: Masuk Home  
[2016-12-31 09:23:38] local.INFO: User: {"ID":4,"CD_PROFILE":"OPR","NM_PROFILE":"Operasional","FLOW":"QA"}  
[2016-12-31 09:23:38] local.INFO: User Item : []  
[2016-12-31 09:23:38] local.INFO: Sebelum return  
[2016-12-31 09:28:23] local.INFO: Masuk Home  
[2016-12-31 09:28:23] local.INFO: User: {"ID":4,"CD_PROFILE":"OPR","NM_PROFILE":"Operasional","FLOW":"QA"}  
[2016-12-31 09:28:23] local.INFO: User Item : []  
[2016-12-31 09:28:23] local.INFO: Sebelum return  
[2016-12-31 09:28:36] local.INFO: Masuk Home  
[2016-12-31 09:28:36] local.INFO: User: {"ID":4,"CD_PROFILE":"OPR","NM_PROFILE":"Operasional","FLOW":"QA"}  
[2016-12-31 09:28:36] local.INFO: User Item : []  
[2016-12-31 09:28:36] local.INFO: Sebelum return  
[2016-12-31 09:38:04] local.ERROR: Symfony\Component\Debug\Exception\FatalThrowableError: Class 'App\Http\Controllers\Auth\Auth' not found in C:\xampp\htdocs\Laravel\Request\app\Http\Controllers\Auth\ResetPasswordController.php:34
Stack trace:
#0 [internal function]: App\Http\Controllers\Auth\ResetPasswordController->__construct()
#1 C:\xampp\htdocs\Laravel\Request\vendor\laravel\framework\src\Illuminate\Container\Container.php(794): ReflectionClass->newInstanceArgs(Array)
#2 C:\xampp\htdocs\Laravel\Request\vendor\laravel\framework\src\Illuminate\Container\Container.php(644): Illuminate\Container\Container->build('App\\Http\\Contro...', Array)
#3 C:\xampp\htdocs\Laravel\Request\vendor\laravel\framework\src\Illuminate\Foundation\Application.php(709): Illuminate\Container\Container->make('App\\Http\\Contro...', Array)
#4 C:\xampp\htdocs\Laravel\Request\vendor\laravel\framework\src\Illuminate\Routing\Route.php(203): Illuminate\Foundation\Application->make('App\\Http\\Contro...')
#5 C:\xampp\htdocs\Laravel\Request\vendor\laravel\framework\src\Illuminate\Routing\Route.php(316): Illuminate\Routing\Route->getController()
#6 C:\xampp\htdocs\Laravel\Request\vendor\laravel\framework\src\Illuminate\Routing\Route.php(278): Illuminate\Routing\Route->controllerMiddleware()
#7 C:\xampp\htdocs\Laravel\Request\vendor\laravel\framework\src\Illuminate\Routing\Router.php(655): Illuminate\Routing\Route->gatherMiddleware()
#8 C:\xampp\htdocs\Laravel\Request\vendor\laravel\framework\src\Illuminate\Routing\Router.php(635): Illuminate\Routing\Router->gatherRouteMiddleware(Object(Illuminate\Routing\Route))
#9 C:\xampp\htdocs\Laravel\Request\vendor\laravel\framework\src\Illuminate\Routing\Router.php(618): Illuminate\Routing\Router->runRouteWithinStack(Object(Illuminate\Routing\Route), Object(Illuminate\Http\Request))
#10 C:\xampp\htdocs\Laravel\Request\vendor\laravel\framework\src\Illuminate\Routing\Router.php(596): Illuminate\Routing\Router->dispatchToRoute(Object(Illuminate\Http\Request))
#11 C:\xampp\htdocs\Laravel\Request\vendor\laravel\framework\src\Illuminate\Foundation\Http\Kernel.php(267): Illuminate\Routing\Router->dispatch(Object(Illuminate\Http\Request))
#12 C:\xampp\htdocs\Laravel\Request\vendor\laravel\framework\src\Illuminate\Routing\Pipeline.php(53): Illuminate\Foundation\Http\Kernel->Illuminate\Foundation\Http\{closure}(Object(Illuminate\Http\Request))
#13 C:\xampp\htdocs\Laravel\Request\vendor\laravel\framework\src\Illuminate\Foundation\Http\Middleware\CheckForMaintenanceMode.php(46): Illuminate\Routing\Pipeline->Illuminate\Routing\{closure}(Object(Illuminate\Http\Request))
#14 C:\xampp\htdocs\Laravel\Request\vendor\laravel\framework\src\Illuminate\Pipeline\Pipeline.php(137): Illuminate\Foundation\Http\Middleware\CheckForMaintenanceMode->handle(Object(Illuminate\Http\Request), Object(Closure))
#15 C:\xampp\htdocs\Laravel\Request\vendor\laravel\framework\src\Illuminate\Routing\Pipeline.php(33): Illuminate\Pipeline\Pipeline->Illuminate\Pipeline\{closure}(Object(Illuminate\Http\Request))
#16 C:\xampp\htdocs\Laravel\Request\vendor\laravel\framework\src\Illuminate\Pipeline\Pipeline.php(104): Illuminate\Routing\Pipeline->Illuminate\Routing\{closure}(Object(Illuminate\Http\Request))
#17 C:\xampp\htdocs\Laravel\Request\vendor\laravel\framework\src\Illuminate\Foundation\Http\Kernel.php(149): Illuminate\Pipeline\Pipeline->then(Object(Closure))
#18 C:\xampp\htdocs\Laravel\Request\vendor\laravel\framework\src\Illuminate\Foundation\Http\Kernel.php(116): Illuminate\Foundation\Http\Kernel->sendRequestThroughRouter(Object(Illuminate\Http\Request))
#19 C:\xampp\htdocs\Laravel\Request\public\index.php(53): Illuminate\Foundation\Http\Kernel->handle(Object(Illuminate\Http\Request))
#20 C:\xampp\htdocs\Laravel\Request\server.php(21): require_once('C:\\xampp\\htdocs...')
#21 {main}  
[2016-12-31 09:38:04] local.ERROR: Symfony\Component\Debug\Exception\FatalThrowableError: Class 'App\Http\Controllers\Auth\Auth' not found in C:\xampp\htdocs\Laravel\Request\app\Http\Controllers\Auth\ResetPasswordController.php:34
Stack trace:
#0 [internal function]: App\Http\Controllers\Auth\ResetPasswordController->__construct()
#1 C:\xampp\htdocs\Laravel\Request\vendor\laravel\framework\src\Illuminate\Container\Container.php(794): ReflectionClass->newInstanceArgs(Array)
#2 C:\xampp\htdocs\Laravel\Request\vendor\laravel\framework\src\Illuminate\Container\Container.php(644): Illuminate\Container\Container->build('App\\Http\\Contro...', Array)
#3 C:\xampp\htdocs\Laravel\Request\vendor\laravel\framework\src\Illuminate\Foundation\Application.php(709): Illuminate\Container\Container->make('App\\Http\\Contro...', Array)
#4 C:\xampp\htdocs\Laravel\Request\vendor\laravel\framework\src\Illuminate\Routing\Route.php(203): Illuminate\Foundation\Application->make('App\\Http\\Contro...')
#5 C:\xampp\htdocs\Laravel\Request\vendor\laravel\framework\src\Illuminate\Routing\Route.php(316): Illuminate\Routing\Route->getController()
#6 C:\xampp\htdocs\Laravel\Request\vendor\laravel\framework\src\Illuminate\Routing\Route.php(278): Illuminate\Routing\Route->controllerMiddleware()
#7 C:\xampp\htdocs\Laravel\Request\vendor\laravel\framework\src\Illuminate\Routing\Router.php(655): Illuminate\Routing\Route->gatherMiddleware()
#8 C:\xampp\htdocs\Laravel\Request\vendor\laravel\framework\src\Illuminate\Foundation\Http\Kernel.php(192): Illuminate\Routing\Router->gatherRouteMiddleware(Object(Illuminate\Routing\Route))
#9 C:\xampp\htdocs\Laravel\Request\vendor\laravel\framework\src\Illuminate\Foundation\Http\Kernel.php(162): Illuminate\Foundation\Http\Kernel->gatherRouteMiddleware(Object(Illuminate\Http\Request))
#10 C:\xampp\htdocs\Laravel\Request\public\index.php(58): Illuminate\Foundation\Http\Kernel->terminate(Object(Illuminate\Http\Request), Object(Illuminate\Http\Response))
#11 C:\xampp\htdocs\Laravel\Request\server.php(21): require_once('C:\\xampp\\htdocs...')
#12 {main}  
[2016-12-31 09:38:05] local.ERROR: Symfony\Component\Debug\Exception\FatalThrowableError: Class 'App\Http\Controllers\Auth\Auth' not found in C:\xampp\htdocs\Laravel\Request\app\Http\Controllers\Auth\ResetPasswordController.php:34
Stack trace:
#0 [internal function]: App\Http\Controllers\Auth\ResetPasswordController->__construct()
#1 C:\xampp\htdocs\Laravel\Request\vendor\laravel\framework\src\Illuminate\Container\Container.php(794): ReflectionClass->newInstanceArgs(Array)
#2 C:\xampp\htdocs\Laravel\Request\vendor\laravel\framework\src\Illuminate\Container\Container.php(644): Illuminate\Container\Container->build('App\\Http\\Contro...', Array)
#3 C:\xampp\htdocs\Laravel\Request\vendor\laravel\framework\src\Illuminate\Foundation\Application.php(709): Illuminate\Container\Container->make('App\\Http\\Contro...', Array)
#4 C:\xampp\htdocs\Laravel\Request\vendor\laravel\framework\src\Illuminate\Routing\Route.php(203): Illuminate\Foundation\Application->make('App\\Http\\Contro...')
#5 C:\xampp\htdocs\Laravel\Request\vendor\laravel\framework\src\Illuminate\Routing\Route.php(316): Illuminate\Routing\Route->getController()
#6 C:\xampp\htdocs\Laravel\Request\vendor\laravel\framework\src\Illuminate\Routing\Route.php(278): Illuminate\Routing\Route->controllerMiddleware()
#7 C:\xampp\htdocs\Laravel\Request\vendor\laravel\framework\src\Illuminate\Routing\Router.php(655): Illuminate\Routing\Route->gatherMiddleware()
#8 C:\xampp\htdocs\Laravel\Request\vendor\laravel\framework\src\Illuminate\Routing\Router.php(635): Illuminate\Routing\Router->gatherRouteMiddleware(Object(Illuminate\Routing\Route))
#9 C:\xampp\htdocs\Laravel\Request\vendor\laravel\framework\src\Illuminate\Routing\Router.php(618): Illuminate\Routing\Router->runRouteWithinStack(Object(Illuminate\Routing\Route), Object(Illuminate\Http\Request))
#10 C:\xampp\htdocs\Laravel\Request\vendor\laravel\framework\src\Illuminate\Routing\Router.php(596): Illuminate\Routing\Router->dispatchToRoute(Object(Illuminate\Http\Request))
#11 C:\xampp\htdocs\Laravel\Request\vendor\laravel\framework\src\Illuminate\Foundation\Http\Kernel.php(267): Illuminate\Routing\Router->dispatch(Object(Illuminate\Http\Request))
#12 C:\xampp\htdocs\Laravel\Request\vendor\laravel\framework\src\Illuminate\Routing\Pipeline.php(53): Illuminate\Foundation\Http\Kernel->Illuminate\Foundation\Http\{closure}(Object(Illuminate\Http\Request))
#13 C:\xampp\htdocs\Laravel\Request\vendor\laravel\framework\src\Illuminate\Foundation\Http\Middleware\CheckForMaintenanceMode.php(46): Illuminate\Routing\Pipeline->Illuminate\Routing\{closure}(Object(Illuminate\Http\Request))
#14 C:\xampp\htdocs\Laravel\Request\vendor\laravel\framework\src\Illuminate\Pipeline\Pipeline.php(137): Illuminate\Foundation\Http\Middleware\CheckForMaintenanceMode->handle(Object(Illuminate\Http\Request), Object(Closure))
#15 C:\xampp\htdocs\Laravel\Request\vendor\laravel\framework\src\Illuminate\Routing\Pipeline.php(33): Illuminate\Pipeline\Pipeline->Illuminate\Pipeline\{closure}(Object(Illuminate\Http\Request))
#16 C:\xampp\htdocs\Laravel\Request\vendor\laravel\framework\src\Illuminate\Pipeline\Pipeline.php(104): Illuminate\Routing\Pipeline->Illuminate\Routing\{closure}(Object(Illuminate\Http\Request))
#17 C:\xampp\htdocs\Laravel\Request\vendor\laravel\framework\src\Illuminate\Foundation\Http\Kernel.php(149): Illuminate\Pipeline\Pipeline->then(Object(Closure))
#18 C:\xampp\htdocs\Laravel\Request\vendor\laravel\framework\src\Illuminate\Foundation\Http\Kernel.php(116): Illuminate\Foundation\Http\Kernel->sendRequestThroughRouter(Object(Illuminate\Http\Request))
#19 C:\xampp\htdocs\Laravel\Request\public\index.php(53): Illuminate\Foundation\Http\Kernel->handle(Object(Illuminate\Http\Request))
#20 C:\xampp\htdocs\Laravel\Request\server.php(21): require_once('C:\\xampp\\htdocs...')
#21 {main}  
[2016-12-31 09:40:26] local.INFO: Masuk Home  
[2016-12-31 09:40:26] local.INFO: User: {"ID":4,"CD_PROFILE":"OPR","NM_PROFILE":"Operasional","FLOW":"QA"}  
[2016-12-31 09:40:26] local.INFO: User Item : []  
[2016-12-31 09:40:26] local.INFO: Sebelum return  
[2016-12-31 09:47:25] local.ERROR: ErrorException: Trying to get property of non-object in C:\xampp\htdocs\Laravel\Request\vendor\laravel\framework\src\Illuminate\Foundation\Auth\ResetsPasswords.php:64
Stack trace:
#0 C:\xampp\htdocs\Laravel\Request\vendor\laravel\framework\src\Illuminate\Foundation\Auth\ResetsPasswords.php(64): Illuminate\Foundation\Bootstrap\HandleExceptions->handleError(8, 'Trying to get p...', 'C:\\xampp\\htdocs...', 64, Array)
#1 C:\xampp\htdocs\Laravel\Request\vendor\laravel\framework\src\Illuminate\Foundation\Auth\ResetsPasswords.php(38): App\Http\Controllers\Auth\ResetPasswordController->rules()
#2 [internal function]: App\Http\Controllers\Auth\ResetPasswordController->reset(Object(Illuminate\Http\Request))
#3 C:\xampp\htdocs\Laravel\Request\vendor\laravel\framework\src\Illuminate\Routing\Controller.php(55): call_user_func_array(Array, Array)
#4 C:\xampp\htdocs\Laravel\Request\vendor\laravel\framework\src\Illuminate\Routing\ControllerDispatcher.php(44): Illuminate\Routing\Controller->callAction('reset', Array)
#5 C:\xampp\htdocs\Laravel\Request\vendor\laravel\framework\src\Illuminate\Routing\Route.php(189): Illuminate\Routing\ControllerDispatcher->dispatch(Object(Illuminate\Routing\Route), Object(App\Http\Controllers\Auth\ResetPasswordController), 'reset')
#6 C:\xampp\htdocs\Laravel\Request\vendor\laravel\framework\src\Illuminate\Routing\Route.php(144): Illuminate\Routing\Route->runController()
#7 C:\xampp\htdocs\Laravel\Request\vendor\laravel\framework\src\Illuminate\Routing\Router.php(642): Illuminate\Routing\Route->run(Object(Illuminate\Http\Request))
#8 C:\xampp\htdocs\Laravel\Request\vendor\laravel\framework\src\Illuminate\Routing\Pipeline.php(53): Illuminate\Routing\Router->Illuminate\Routing\{closure}(Object(Illuminate\Http\Request))
#9 C:\xampp\htdocs\Laravel\Request\app\Http\Middleware\RedirectIfAuthenticated.php(24): Illuminate\Routing\Pipeline->Illuminate\Routing\{closure}(Object(Illuminate\Http\Request))
#10 C:\xampp\htdocs\Laravel\Request\vendor\laravel\framework\src\Illuminate\Pipeline\Pipeline.php(137): App\Http\Middleware\RedirectIfAuthenticated->handle(Object(Illuminate\Http\Request), Object(Closure))
#11 C:\xampp\htdocs\Laravel\Request\vendor\laravel\framework\src\Illuminate\Routing\Pipeline.php(33): Illuminate\Pipeline\Pipeline->Illuminate\Pipeline\{closure}(Object(Illuminate\Http\Request))
#12 C:\xampp\htdocs\Laravel\Request\vendor\laravel\framework\src\Illuminate\Routing\Middleware\SubstituteBindings.php(41): Illuminate\Routing\Pipeline->Illuminate\Routing\{closure}(Object(Illuminate\Http\Request))
#13 C:\xampp\htdocs\Laravel\Request\vendor\laravel\framework\src\Illuminate\Pipeline\Pipeline.php(137): Illuminate\Routing\Middleware\SubstituteBindings->handle(Object(Illuminate\Http\Request), Object(Closure))
#14 C:\xampp\htdocs\Laravel\Request\vendor\laravel\framework\src\Illuminate\Routing\Pipeline.php(33): Illuminate\Pipeline\Pipeline->Illuminate\Pipeline\{closure}(Object(Illuminate\Http\Request))
#15 C:\xampp\htdocs\Laravel\Request\vendor\laravel\framework\src\Illuminate\Foundation\Http\Middleware\VerifyCsrfToken.php(65): Illuminate\Routing\Pipeline->Illuminate\Routing\{closure}(Object(Illuminate\Http\Request))
#16 C:\xampp\htdocs\Laravel\Request\vendor\laravel\framework\src\Illuminate\Pipeline\Pipeline.php(137): Illuminate\Foundation\Http\Middleware\VerifyCsrfToken->handle(Object(Illuminate\Http\Request), Object(Closure))
#17 C:\xampp\htdocs\Laravel\Request\vendor\laravel\framework\src\Illuminate\Routing\Pipeline.php(33): Illuminate\Pipeline\Pipeline->Illuminate\Pipeline\{closure}(Object(Illuminate\Http\Request))
#18 C:\xampp\htdocs\Laravel\Request\vendor\laravel\framework\src\Illuminate\View\Middleware\ShareErrorsFromSession.php(49): Illuminate\Routing\Pipeline->Illuminate\Routing\{closure}(Object(Illuminate\Http\Request))
#19 C:\xampp\htdocs\Laravel\Request\vendor\laravel\framework\src\Illuminate\Pipeline\Pipeline.php(137): Illuminate\View\Middleware\ShareErrorsFromSession->handle(Object(Illuminate\Http\Request), Object(Closure))
#20 C:\xampp\htdocs\Laravel\Request\vendor\laravel\framework\src\Illuminate\Routing\Pipeline.php(33): Illuminate\Pipeline\Pipeline->Illuminate\Pipeline\{closure}(Object(Illuminate\Http\Request))
#21 C:\xampp\htdocs\Laravel\Request\vendor\laravel\framework\src\Illuminate\Session\Middleware\StartSession.php(64): Illuminate\Routing\Pipeline->Illuminate\Routing\{closure}(Object(Illuminate\Http\Request))
#22 C:\xampp\htdocs\Laravel\Request\vendor\laravel\framework\src\Illuminate\Pipeline\Pipeline.php(137): Illuminate\Session\Middleware\StartSession->handle(Object(Illuminate\Http\Request), Object(Closure))
#23 C:\xampp\htdocs\Laravel\Request\vendor\laravel\framework\src\Illuminate\Routing\Pipeline.php(33): Illuminate\Pipeline\Pipeline->Illuminate\Pipeline\{closure}(Object(Illuminate\Http\Request))
#24 C:\xampp\htdocs\Laravel\Request\vendor\laravel\framework\src\Illuminate\Cookie\Middleware\AddQueuedCookiesToResponse.php(37): Illuminate\Routing\Pipeline->Illuminate\Routing\{closure}(Object(Illuminate\Http\Request))
#25 C:\xampp\htdocs\Laravel\Request\vendor\laravel\framework\src\Illuminate\Pipeline\Pipeline.php(137): Illuminate\Cookie\Middleware\AddQueuedCookiesToResponse->handle(Object(Illuminate\Http\Request), Object(Closure))
#26 C:\xampp\htdocs\Laravel\Request\vendor\laravel\framework\src\Illuminate\Routing\Pipeline.php(33): Illuminate\Pipeline\Pipeline->Illuminate\Pipeline\{closure}(Object(Illuminate\Http\Request))
#27 C:\xampp\htdocs\Laravel\Request\vendor\laravel\framework\src\Illuminate\Cookie\Middleware\EncryptCookies.php(59): Illuminate\Routing\Pipeline->Illuminate\Routing\{closure}(Object(Illuminate\Http\Request))
#28 C:\xampp\htdocs\Laravel\Request\vendor\laravel\framework\src\Illuminate\Pipeline\Pipeline.php(137): Illuminate\Cookie\Middleware\EncryptCookies->handle(Object(Illuminate\Http\Request), Object(Closure))
#29 C:\xampp\htdocs\Laravel\Request\vendor\laravel\framework\src\Illuminate\Routing\Pipeline.php(33): Illuminate\Pipeline\Pipeline->Illuminate\Pipeline\{closure}(Object(Illuminate\Http\Request))
#30 C:\xampp\htdocs\Laravel\Request\vendor\laravel\framework\src\Illuminate\Pipeline\Pipeline.php(104): Illuminate\Routing\Pipeline->Illuminate\Routing\{closure}(Object(Illuminate\Http\Request))
#31 C:\xampp\htdocs\Laravel\Request\vendor\laravel\framework\src\Illuminate\Routing\Router.php(644): Illuminate\Pipeline\Pipeline->then(Object(Closure))
#32 C:\xampp\htdocs\Laravel\Request\vendor\laravel\framework\src\Illuminate\Routing\Router.php(618): Illuminate\Routing\Router->runRouteWithinStack(Object(Illuminate\Routing\Route), Object(Illuminate\Http\Request))
#33 C:\xampp\htdocs\Laravel\Request\vendor\laravel\framework\src\Illuminate\Routing\Router.php(596): Illuminate\Routing\Router->dispatchToRoute(Object(Illuminate\Http\Request))
#34 C:\xampp\htdocs\Laravel\Request\vendor\laravel\framework\src\Illuminate\Foundation\Http\Kernel.php(267): Illuminate\Routing\Router->dispatch(Object(Illuminate\Http\Request))
#35 C:\xampp\htdocs\Laravel\Request\vendor\laravel\framework\src\Illuminate\Routing\Pipeline.php(53): Illuminate\Foundation\Http\Kernel->Illuminate\Foundation\Http\{closure}(Object(Illuminate\Http\Request))
#36 C:\xampp\htdocs\Laravel\Request\vendor\laravel\framework\src\Illuminate\Foundation\Http\Middleware\CheckForMaintenanceMode.php(46): Illuminate\Routing\Pipeline->Illuminate\Routing\{closure}(Object(Illuminate\Http\Request))
#37 C:\xampp\htdocs\Laravel\Request\vendor\laravel\framework\src\Illuminate\Pipeline\Pipeline.php(137): Illuminate\Foundation\Http\Middleware\CheckForMaintenanceMode->handle(Object(Illuminate\Http\Request), Object(Closure))
#38 C:\xampp\htdocs\Laravel\Request\vendor\laravel\framework\src\Illuminate\Routing\Pipeline.php(33): Illuminate\Pipeline\Pipeline->Illuminate\Pipeline\{closure}(Object(Illuminate\Http\Request))
#39 C:\xampp\htdocs\Laravel\Request\vendor\laravel\framework\src\Illuminate\Pipeline\Pipeline.php(104): Illuminate\Routing\Pipeline->Illuminate\Routing\{closure}(Object(Illuminate\Http\Request))
#40 C:\xampp\htdocs\Laravel\Request\vendor\laravel\framework\src\Illuminate\Foundation\Http\Kernel.php(149): Illuminate\Pipeline\Pipeline->then(Object(Closure))
#41 C:\xampp\htdocs\Laravel\Request\vendor\laravel\framework\src\Illuminate\Foundation\Http\Kernel.php(116): Illuminate\Foundation\Http\Kernel->sendRequestThroughRouter(Object(Illuminate\Http\Request))
#42 C:\xampp\htdocs\Laravel\Request\public\index.php(53): Illuminate\Foundation\Http\Kernel->handle(Object(Illuminate\Http\Request))
#43 C:\xampp\htdocs\Laravel\Request\server.php(21): require_once('C:\\xampp\\htdocs...')
#44 {main}  
[2016-12-31 09:48:46] local.INFO: Masuk Home  
[2016-12-31 09:48:46] local.INFO: User: {"ID":4,"CD_PROFILE":"OPR","NM_PROFILE":"Operasional","FLOW":"QA"}  
[2016-12-31 09:48:46] local.INFO: User Item : []  
[2016-12-31 09:48:47] local.INFO: Sebelum return  
[2017-01-02 02:51:44] local.ERROR: ErrorException: Trying to get property of non-object in C:\xampp\htdocs\Laravel\Arsip\app\Http\Controllers\HisotemController.php:287
Stack trace:
#0 C:\xampp\htdocs\Laravel\Arsip\app\Http\Controllers\HisotemController.php(287): Illuminate\Foundation\Bootstrap\HandleExceptions->handleError(8, 'Trying to get p...', 'C:\\xampp\\htdocs...', 287, Array)
#1 [internal function]: App\Http\Controllers\HisotemController->show()
#2 C:\xampp\htdocs\Laravel\Arsip\vendor\laravel\framework\src\Illuminate\Routing\Controller.php(55): call_user_func_array(Array, Array)
#3 C:\xampp\htdocs\Laravel\Arsip\vendor\laravel\framework\src\Illuminate\Routing\ControllerDispatcher.php(44): Illuminate\Routing\Controller->callAction('show', Array)
#4 C:\xampp\htdocs\Laravel\Arsip\vendor\laravel\framework\src\Illuminate\Routing\Route.php(189): Illuminate\Routing\ControllerDispatcher->dispatch(Object(Illuminate\Routing\Route), Object(App\Http\Controllers\HisotemController), 'show')
#5 C:\xampp\htdocs\Laravel\Arsip\vendor\laravel\framework\src\Illuminate\Routing\Route.php(144): Illuminate\Routing\Route->runController()
#6 C:\xampp\htdocs\Laravel\Arsip\vendor\laravel\framework\src\Illuminate\Routing\Router.php(642): Illuminate\Routing\Route->run(Object(Illuminate\Http\Request))
#7 C:\xampp\htdocs\Laravel\Arsip\vendor\laravel\framework\src\Illuminate\Routing\Pipeline.php(53): Illuminate\Routing\Router->Illuminate\Routing\{closure}(Object(Illuminate\Http\Request))
#8 C:\xampp\htdocs\Laravel\Arsip\app\Http\Middleware\AdminMiddleware.php(43): Illuminate\Routing\Pipeline->Illuminate\Routing\{closure}(Object(Illuminate\Http\Request))
#9 C:\xampp\htdocs\Laravel\Arsip\vendor\laravel\framework\src\Illuminate\Pipeline\Pipeline.php(137): App\Http\Middleware\AdminMiddleware->handle(Object(Illuminate\Http\Request), Object(Closure))
#10 C:\xampp\htdocs\Laravel\Arsip\vendor\laravel\framework\src\Illuminate\Routing\Pipeline.php(33): Illuminate\Pipeline\Pipeline->Illuminate\Pipeline\{closure}(Object(Illuminate\Http\Request))
#11 C:\xampp\htdocs\Laravel\Arsip\vendor\laravel\framework\src\Illuminate\Routing\Middleware\SubstituteBindings.php(41): Illuminate\Routing\Pipeline->Illuminate\Routing\{closure}(Object(Illuminate\Http\Request))
#12 C:\xampp\htdocs\Laravel\Arsip\vendor\laravel\framework\src\Illuminate\Pipeline\Pipeline.php(137): Illuminate\Routing\Middleware\SubstituteBindings->handle(Object(Illuminate\Http\Request), Object(Closure))
#13 C:\xampp\htdocs\Laravel\Arsip\vendor\laravel\framework\src\Illuminate\Routing\Pipeline.php(33): Illuminate\Pipeline\Pipeline->Illuminate\Pipeline\{closure}(Object(Illuminate\Http\Request))
#14 C:\xampp\htdocs\Laravel\Arsip\vendor\laravel\framework\src\Illuminate\Auth\Middleware\Authenticate.php(43): Illuminate\Routing\Pipeline->Illuminate\Routing\{closure}(Object(Illuminate\Http\Request))
#15 C:\xampp\htdocs\Laravel\Arsip\vendor\laravel\framework\src\Illuminate\Pipeline\Pipeline.php(137): Illuminate\Auth\Middleware\Authenticate->handle(Object(Illuminate\Http\Request), Object(Closure))
#16 C:\xampp\htdocs\Laravel\Arsip\vendor\laravel\framework\src\Illuminate\Routing\Pipeline.php(33): Illuminate\Pipeline\Pipeline->Illuminate\Pipeline\{closure}(Object(Illuminate\Http\Request))
#17 C:\xampp\htdocs\Laravel\Arsip\vendor\laravel\framework\src\Illuminate\Foundation\Http\Middleware\VerifyCsrfToken.php(65): Illuminate\Routing\Pipeline->Illuminate\Routing\{closure}(Object(Illuminate\Http\Request))
#18 C:\xampp\htdocs\Laravel\Arsip\vendor\laravel\framework\src\Illuminate\Pipeline\Pipeline.php(137): Illuminate\Foundation\Http\Middleware\VerifyCsrfToken->handle(Object(Illuminate\Http\Request), Object(Closure))
#19 C:\xampp\htdocs\Laravel\Arsip\vendor\laravel\framework\src\Illuminate\Routing\Pipeline.php(33): Illuminate\Pipeline\Pipeline->Illuminate\Pipeline\{closure}(Object(Illuminate\Http\Request))
#20 C:\xampp\htdocs\Laravel\Arsip\vendor\laravel\framework\src\Illuminate\View\Middleware\ShareErrorsFromSession.php(49): Illuminate\Routing\Pipeline->Illuminate\Routing\{closure}(Object(Illuminate\Http\Request))
#21 C:\xampp\htdocs\Laravel\Arsip\vendor\laravel\framework\src\Illuminate\Pipeline\Pipeline.php(137): Illuminate\View\Middleware\ShareErrorsFromSession->handle(Object(Illuminate\Http\Request), Object(Closure))
#22 C:\xampp\htdocs\Laravel\Arsip\vendor\laravel\framework\src\Illuminate\Routing\Pipeline.php(33): Illuminate\Pipeline\Pipeline->Illuminate\Pipeline\{closure}(Object(Illuminate\Http\Request))
#23 C:\xampp\htdocs\Laravel\Arsip\vendor\laravel\framework\src\Illuminate\Session\Middleware\StartSession.php(64): Illuminate\Routing\Pipeline->Illuminate\Routing\{closure}(Object(Illuminate\Http\Request))
#24 C:\xampp\htdocs\Laravel\Arsip\vendor\laravel\framework\src\Illuminate\Pipeline\Pipeline.php(137): Illuminate\Session\Middleware\StartSession->handle(Object(Illuminate\Http\Request), Object(Closure))
#25 C:\xampp\htdocs\Laravel\Arsip\vendor\laravel\framework\src\Illuminate\Routing\Pipeline.php(33): Illuminate\Pipeline\Pipeline->Illuminate\Pipeline\{closure}(Object(Illuminate\Http\Request))
#26 C:\xampp\htdocs\Laravel\Arsip\vendor\laravel\framework\src\Illuminate\Cookie\Middleware\AddQueuedCookiesToResponse.php(37): Illuminate\Routing\Pipeline->Illuminate\Routing\{closure}(Object(Illuminate\Http\Request))
#27 C:\xampp\htdocs\Laravel\Arsip\vendor\laravel\framework\src\Illuminate\Pipeline\Pipeline.php(137): Illuminate\Cookie\Middleware\AddQueuedCookiesToResponse->handle(Object(Illuminate\Http\Request), Object(Closure))
#28 C:\xampp\htdocs\Laravel\Arsip\vendor\laravel\framework\src\Illuminate\Routing\Pipeline.php(33): Illuminate\Pipeline\Pipeline->Illuminate\Pipeline\{closure}(Object(Illuminate\Http\Request))
#29 C:\xampp\htdocs\Laravel\Arsip\vendor\laravel\framework\src\Illuminate\Cookie\Middleware\EncryptCookies.php(59): Illuminate\Routing\Pipeline->Illuminate\Routing\{closure}(Object(Illuminate\Http\Request))
#30 C:\xampp\htdocs\Laravel\Arsip\vendor\laravel\framework\src\Illuminate\Pipeline\Pipeline.php(137): Illuminate\Cookie\Middleware\EncryptCookies->handle(Object(Illuminate\Http\Request), Object(Closure))
#31 C:\xampp\htdocs\Laravel\Arsip\vendor\laravel\framework\src\Illuminate\Routing\Pipeline.php(33): Illuminate\Pipeline\Pipeline->Illuminate\Pipeline\{closure}(Object(Illuminate\Http\Request))
#32 C:\xampp\htdocs\Laravel\Arsip\vendor\laravel\framework\src\Illuminate\Pipeline\Pipeline.php(104): Illuminate\Routing\Pipeline->Illuminate\Routing\{closure}(Object(Illuminate\Http\Request))
#33 C:\xampp\htdocs\Laravel\Arsip\vendor\laravel\framework\src\Illuminate\Routing\Router.php(644): Illuminate\Pipeline\Pipeline->then(Object(Closure))
#34 C:\xampp\htdocs\Laravel\Arsip\vendor\laravel\framework\src\Illuminate\Routing\Router.php(618): Illuminate\Routing\Router->runRouteWithinStack(Object(Illuminate\Routing\Route), Object(Illuminate\Http\Request))
#35 C:\xampp\htdocs\Laravel\Arsip\vendor\laravel\framework\src\Illuminate\Routing\Router.php(596): Illuminate\Routing\Router->dispatchToRoute(Object(Illuminate\Http\Request))
#36 C:\xampp\htdocs\Laravel\Arsip\vendor\laravel\framework\src\Illuminate\Foundation\Http\Kernel.php(267): Illuminate\Routing\Router->dispatch(Object(Illuminate\Http\Request))
#37 C:\xampp\htdocs\Laravel\Arsip\vendor\laravel\framework\src\Illuminate\Routing\Pipeline.php(53): Illuminate\Foundation\Http\Kernel->Illuminate\Foundation\Http\{closure}(Object(Illuminate\Http\Request))
#38 C:\xampp\htdocs\Laravel\Arsip\vendor\laravel\framework\src\Illuminate\Foundation\Http\Middleware\CheckForMaintenanceMode.php(46): Illuminate\Routing\Pipeline->Illuminate\Routing\{closure}(Object(Illuminate\Http\Request))
#39 C:\xampp\htdocs\Laravel\Arsip\vendor\laravel\framework\src\Illuminate\Pipeline\Pipeline.php(137): Illuminate\Foundation\Http\Middleware\CheckForMaintenanceMode->handle(Object(Illuminate\Http\Request), Object(Closure))
#40 C:\xampp\htdocs\Laravel\Arsip\vendor\laravel\framework\src\Illuminate\Routing\Pipeline.php(33): Illuminate\Pipeline\Pipeline->Illuminate\Pipeline\{closure}(Object(Illuminate\Http\Request))
#41 C:\xampp\htdocs\Laravel\Arsip\vendor\laravel\framework\src\Illuminate\Pipeline\Pipeline.php(104): Illuminate\Routing\Pipeline->Illuminate\Routing\{closure}(Object(Illuminate\Http\Request))
#42 C:\xampp\htdocs\Laravel\Arsip\vendor\laravel\framework\src\Illuminate\Foundation\Http\Kernel.php(149): Illuminate\Pipeline\Pipeline->then(Object(Closure))
#43 C:\xampp\htdocs\Laravel\Arsip\vendor\laravel\framework\src\Illuminate\Foundation\Http\Kernel.php(116): Illuminate\Foundation\Http\Kernel->sendRequestThroughRouter(Object(Illuminate\Http\Request))
#44 C:\xampp\htdocs\Laravel\Arsip\public\index.php(53): Illuminate\Foundation\Http\Kernel->handle(Object(Illuminate\Http\Request))
#45 C:\xampp\htdocs\Laravel\Arsip\server.php(21): require_once('C:\\xampp\\htdocs...')
#46 {main}  
[2017-01-02 02:53:13] local.ERROR: ErrorException: Trying to get property of non-object in C:\xampp\htdocs\Laravel\Arsip\app\Http\Controllers\HisotemController.php:287
Stack trace:
#0 C:\xampp\htdocs\Laravel\Arsip\app\Http\Controllers\HisotemController.php(287): Illuminate\Foundation\Bootstrap\HandleExceptions->handleError(8, 'Trying to get p...', 'C:\\xampp\\htdocs...', 287, Array)
#1 [internal function]: App\Http\Controllers\HisotemController->show()
#2 C:\xampp\htdocs\Laravel\Arsip\vendor\laravel\framework\src\Illuminate\Routing\Controller.php(55): call_user_func_array(Array, Array)
#3 C:\xampp\htdocs\Laravel\Arsip\vendor\laravel\framework\src\Illuminate\Routing\ControllerDispatcher.php(44): Illuminate\Routing\Controller->callAction('show', Array)
#4 C:\xampp\htdocs\Laravel\Arsip\vendor\laravel\framework\src\Illuminate\Routing\Route.php(189): Illuminate\Routing\ControllerDispatcher->dispatch(Object(Illuminate\Routing\Route), Object(App\Http\Controllers\HisotemController), 'show')
#5 C:\xampp\htdocs\Laravel\Arsip\vendor\laravel\framework\src\Illuminate\Routing\Route.php(144): Illuminate\Routing\Route->runController()
#6 C:\xampp\htdocs\Laravel\Arsip\vendor\laravel\framework\src\Illuminate\Routing\Router.php(642): Illuminate\Routing\Route->run(Object(Illuminate\Http\Request))
#7 C:\xampp\htdocs\Laravel\Arsip\vendor\laravel\framework\src\Illuminate\Routing\Pipeline.php(53): Illuminate\Routing\Router->Illuminate\Routing\{closure}(Object(Illuminate\Http\Request))
#8 C:\xampp\htdocs\Laravel\Arsip\app\Http\Middleware\AdminMiddleware.php(43): Illuminate\Routing\Pipeline->Illuminate\Routing\{closure}(Object(Illuminate\Http\Request))
#9 C:\xampp\htdocs\Laravel\Arsip\vendor\laravel\framework\src\Illuminate\Pipeline\Pipeline.php(137): App\Http\Middleware\AdminMiddleware->handle(Object(Illuminate\Http\Request), Object(Closure))
#10 C:\xampp\htdocs\Laravel\Arsip\vendor\laravel\framework\src\Illuminate\Routing\Pipeline.php(33): Illuminate\Pipeline\Pipeline->Illuminate\Pipeline\{closure}(Object(Illuminate\Http\Request))
#11 C:\xampp\htdocs\Laravel\Arsip\vendor\laravel\framework\src\Illuminate\Routing\Middleware\SubstituteBindings.php(41): Illuminate\Routing\Pipeline->Illuminate\Routing\{closure}(Object(Illuminate\Http\Request))
#12 C:\xampp\htdocs\Laravel\Arsip\vendor\laravel\framework\src\Illuminate\Pipeline\Pipeline.php(137): Illuminate\Routing\Middleware\SubstituteBindings->handle(Object(Illuminate\Http\Request), Object(Closure))
#13 C:\xampp\htdocs\Laravel\Arsip\vendor\laravel\framework\src\Illuminate\Routing\Pipeline.php(33): Illuminate\Pipeline\Pipeline->Illuminate\Pipeline\{closure}(Object(Illuminate\Http\Request))
#14 C:\xampp\htdocs\Laravel\Arsip\vendor\laravel\framework\src\Illuminate\Auth\Middleware\Authenticate.php(43): Illuminate\Routing\Pipeline->Illuminate\Routing\{closure}(Object(Illuminate\Http\Request))
#15 C:\xampp\htdocs\Laravel\Arsip\vendor\laravel\framework\src\Illuminate\Pipeline\Pipeline.php(137): Illuminate\Auth\Middleware\Authenticate->handle(Object(Illuminate\Http\Request), Object(Closure))
#16 C:\xampp\htdocs\Laravel\Arsip\vendor\laravel\framework\src\Illuminate\Routing\Pipeline.php(33): Illuminate\Pipeline\Pipeline->Illuminate\Pipeline\{closure}(Object(Illuminate\Http\Request))
#17 C:\xampp\htdocs\Laravel\Arsip\vendor\laravel\framework\src\Illuminate\Foundation\Http\Middleware\VerifyCsrfToken.php(65): Illuminate\Routing\Pipeline->Illuminate\Routing\{closure}(Object(Illuminate\Http\Request))
#18 C:\xampp\htdocs\Laravel\Arsip\vendor\laravel\framework\src\Illuminate\Pipeline\Pipeline.php(137): Illuminate\Foundation\Http\Middleware\VerifyCsrfToken->handle(Object(Illuminate\Http\Request), Object(Closure))
#19 C:\xampp\htdocs\Laravel\Arsip\vendor\laravel\framework\src\Illuminate\Routing\Pipeline.php(33): Illuminate\Pipeline\Pipeline->Illuminate\Pipeline\{closure}(Object(Illuminate\Http\Request))
#20 C:\xampp\htdocs\Laravel\Arsip\vendor\laravel\framework\src\Illuminate\View\Middleware\ShareErrorsFromSession.php(49): Illuminate\Routing\Pipeline->Illuminate\Routing\{closure}(Object(Illuminate\Http\Request))
#21 C:\xampp\htdocs\Laravel\Arsip\vendor\laravel\framework\src\Illuminate\Pipeline\Pipeline.php(137): Illuminate\View\Middleware\ShareErrorsFromSession->handle(Object(Illuminate\Http\Request), Object(Closure))
#22 C:\xampp\htdocs\Laravel\Arsip\vendor\laravel\framework\src\Illuminate\Routing\Pipeline.php(33): Illuminate\Pipeline\Pipeline->Illuminate\Pipeline\{closure}(Object(Illuminate\Http\Request))
#23 C:\xampp\htdocs\Laravel\Arsip\vendor\laravel\framework\src\Illuminate\Session\Middleware\StartSession.php(64): Illuminate\Routing\Pipeline->Illuminate\Routing\{closure}(Object(Illuminate\Http\Request))
#24 C:\xampp\htdocs\Laravel\Arsip\vendor\laravel\framework\src\Illuminate\Pipeline\Pipeline.php(137): Illuminate\Session\Middleware\StartSession->handle(Object(Illuminate\Http\Request), Object(Closure))
#25 C:\xampp\htdocs\Laravel\Arsip\vendor\laravel\framework\src\Illuminate\Routing\Pipeline.php(33): Illuminate\Pipeline\Pipeline->Illuminate\Pipeline\{closure}(Object(Illuminate\Http\Request))
#26 C:\xampp\htdocs\Laravel\Arsip\vendor\laravel\framework\src\Illuminate\Cookie\Middleware\AddQueuedCookiesToResponse.php(37): Illuminate\Routing\Pipeline->Illuminate\Routing\{closure}(Object(Illuminate\Http\Request))
#27 C:\xampp\htdocs\Laravel\Arsip\vendor\laravel\framework\src\Illuminate\Pipeline\Pipeline.php(137): Illuminate\Cookie\Middleware\AddQueuedCookiesToResponse->handle(Object(Illuminate\Http\Request), Object(Closure))
#28 C:\xampp\htdocs\Laravel\Arsip\vendor\laravel\framework\src\Illuminate\Routing\Pipeline.php(33): Illuminate\Pipeline\Pipeline->Illuminate\Pipeline\{closure}(Object(Illuminate\Http\Request))
#29 C:\xampp\htdocs\Laravel\Arsip\vendor\laravel\framework\src\Illuminate\Cookie\Middleware\EncryptCookies.php(59): Illuminate\Routing\Pipeline->Illuminate\Routing\{closure}(Object(Illuminate\Http\Request))
#30 C:\xampp\htdocs\Laravel\Arsip\vendor\laravel\framework\src\Illuminate\Pipeline\Pipeline.php(137): Illuminate\Cookie\Middleware\EncryptCookies->handle(Object(Illuminate\Http\Request), Object(Closure))
#31 C:\xampp\htdocs\Laravel\Arsip\vendor\laravel\framework\src\Illuminate\Routing\Pipeline.php(33): Illuminate\Pipeline\Pipeline->Illuminate\Pipeline\{closure}(Object(Illuminate\Http\Request))
#32 C:\xampp\htdocs\Laravel\Arsip\vendor\laravel\framework\src\Illuminate\Pipeline\Pipeline.php(104): Illuminate\Routing\Pipeline->Illuminate\Routing\{closure}(Object(Illuminate\Http\Request))
#33 C:\xampp\htdocs\Laravel\Arsip\vendor\laravel\framework\src\Illuminate\Routing\Router.php(644): Illuminate\Pipeline\Pipeline->then(Object(Closure))
#34 C:\xampp\htdocs\Laravel\Arsip\vendor\laravel\framework\src\Illuminate\Routing\Router.php(618): Illuminate\Routing\Router->runRouteWithinStack(Object(Illuminate\Routing\Route), Object(Illuminate\Http\Request))
#35 C:\xampp\htdocs\Laravel\Arsip\vendor\laravel\framework\src\Illuminate\Routing\Router.php(596): Illuminate\Routing\Router->dispatchToRoute(Object(Illuminate\Http\Request))
#36 C:\xampp\htdocs\Laravel\Arsip\vendor\laravel\framework\src\Illuminate\Foundation\Http\Kernel.php(267): Illuminate\Routing\Router->dispatch(Object(Illuminate\Http\Request))
#37 C:\xampp\htdocs\Laravel\Arsip\vendor\laravel\framework\src\Illuminate\Routing\Pipeline.php(53): Illuminate\Foundation\Http\Kernel->Illuminate\Foundation\Http\{closure}(Object(Illuminate\Http\Request))
#38 C:\xampp\htdocs\Laravel\Arsip\vendor\laravel\framework\src\Illuminate\Foundation\Http\Middleware\CheckForMaintenanceMode.php(46): Illuminate\Routing\Pipeline->Illuminate\Routing\{closure}(Object(Illuminate\Http\Request))
#39 C:\xampp\htdocs\Laravel\Arsip\vendor\laravel\framework\src\Illuminate\Pipeline\Pipeline.php(137): Illuminate\Foundation\Http\Middleware\CheckForMaintenanceMode->handle(Object(Illuminate\Http\Request), Object(Closure))
#40 C:\xampp\htdocs\Laravel\Arsip\vendor\laravel\framework\src\Illuminate\Routing\Pipeline.php(33): Illuminate\Pipeline\Pipeline->Illuminate\Pipeline\{closure}(Object(Illuminate\Http\Request))
#41 C:\xampp\htdocs\Laravel\Arsip\vendor\laravel\framework\src\Illuminate\Pipeline\Pipeline.php(104): Illuminate\Routing\Pipeline->Illuminate\Routing\{closure}(Object(Illuminate\Http\Request))
#42 C:\xampp\htdocs\Laravel\Arsip\vendor\laravel\framework\src\Illuminate\Foundation\Http\Kernel.php(149): Illuminate\Pipeline\Pipeline->then(Object(Closure))
#43 C:\xampp\htdocs\Laravel\Arsip\vendor\laravel\framework\src\Illuminate\Foundation\Http\Kernel.php(116): Illuminate\Foundation\Http\Kernel->sendRequestThroughRouter(Object(Illuminate\Http\Request))
#44 C:\xampp\htdocs\Laravel\Arsip\public\index.php(53): Illuminate\Foundation\Http\Kernel->handle(Object(Illuminate\Http\Request))
#45 C:\xampp\htdocs\Laravel\Arsip\server.php(21): require_once('C:\\xampp\\htdocs...')
#46 {main}  
[2017-01-02 02:53:56] local.INFO: Masuk List  
[2017-01-02 02:54:00] local.INFO: Masuk Bagian Controller Show  
[2017-01-02 02:54:25] local.INFO: Masuk List  
[2017-01-02 02:54:29] local.INFO: Masuk Bagian Controller Show  
[2017-01-02 02:55:39] local.INFO: Masuk Home  
[2017-01-02 02:55:39] local.INFO: User: {"ID":1,"CD_PROFILE":"PNG","NM_PROFILE":"Pengembangan","FLOW":"QA"}  
[2017-01-02 02:55:39] local.INFO: User Item : []  
[2017-01-02 02:55:39] local.INFO: Sebelum return  
[2017-01-02 02:56:17] local.INFO: Masuk Home  
[2017-01-02 02:56:17] local.INFO: User: {"ID":4,"CD_PROFILE":"OPR","NM_PROFILE":"Operasional","FLOW":"QA"}  
[2017-01-02 02:56:17] local.INFO: User Item : []  
[2017-01-02 02:56:17] local.INFO: Sebelum return  
[2017-01-02 02:56:26] local.INFO: Masuk Home  
[2017-01-02 02:56:26] local.INFO: User: {"ID":4,"CD_PROFILE":"OPR","NM_PROFILE":"Operasional","FLOW":"QA"}  
[2017-01-02 02:56:26] local.INFO: User Item : []  
[2017-01-02 02:56:26] local.INFO: Sebelum return  
[2018-05-01 09:02:07] local.ERROR: PDOException: SQLSTATE[HY000] [1049] Unknown database 'archieves' in D:\Programming\PHP\Source\xampp\htdocs\Arsip\vendor\laravel\framework\src\Illuminate\Database\Connectors\Connector.php:119
Stack trace:
#0 D:\Programming\PHP\Source\xampp\htdocs\Arsip\vendor\laravel\framework\src\Illuminate\Database\Connectors\Connector.php(119): PDO->__construct('mysql:host=127....', 'arsip', 'arsipBSB#', Array)
#1 D:\Programming\PHP\Source\xampp\htdocs\Arsip\vendor\laravel\framework\src\Illuminate\Database\Connectors\Connector.php(56): Illuminate\Database\Connectors\Connector->createPdoConnection('mysql:host=127....', 'arsip', 'arsipBSB#', Array)
#2 D:\Programming\PHP\Source\xampp\htdocs\Arsip\vendor\laravel\framework\src\Illuminate\Database\Connectors\MySqlConnector.php(24): Illuminate\Database\Connectors\Connector->createConnection('mysql:host=127....', Array, Array)
#3 D:\Programming\PHP\Source\xampp\htdocs\Arsip\vendor\laravel\framework\src\Illuminate\Database\Connectors\ConnectionFactory.php(127): Illuminate\Database\Connectors\MySqlConnector->connect(Array)
#4 [internal function]: Illuminate\Database\Connectors\ConnectionFactory->Illuminate\Database\Connectors\{closure}()
#5 D:\Programming\PHP\Source\xampp\htdocs\Arsip\vendor\laravel\framework\src\Illuminate\Database\Connection.php(964): call_user_func(Object(Closure))
#6 D:\Programming\PHP\Source\xampp\htdocs\Arsip\vendor\laravel\framework\src\Illuminate\Database\Connection.php(832): Illuminate\Database\Connection->getPdo()
#7 D:\Programming\PHP\Source\xampp\htdocs\Arsip\vendor\laravel\framework\src\Illuminate\Database\Connection.php(717): Illuminate\Database\Connection->reconnectIfMissingConnection()
#8 D:\Programming\PHP\Source\xampp\htdocs\Arsip\vendor\laravel\framework\src\Illuminate\Database\Connection.php(350): Illuminate\Database\Connection->run('select * from `...', Array, Object(Closure))
#9 D:\Programming\PHP\Source\xampp\htdocs\Arsip\vendor\laravel\framework\src\Illuminate\Database\Query\Builder.php(1648): Illuminate\Database\Connection->select('select * from `...', Array, true)
#10 D:\Programming\PHP\Source\xampp\htdocs\Arsip\vendor\laravel\framework\src\Illuminate\Database\Query\Builder.php(1634): Illuminate\Database\Query\Builder->runSelect()
#11 D:\Programming\PHP\Source\xampp\htdocs\Arsip\vendor\laravel\framework\src\Illuminate\Database\Eloquent\Builder.php(632): Illuminate\Database\Query\Builder->get(Array)
#12 D:\Programming\PHP\Source\xampp\htdocs\Arsip\vendor\laravel\framework\src\Illuminate\Database\Eloquent\Builder.php(327): Illuminate\Database\Eloquent\Builder->getModels(Array)
#13 D:\Programming\PHP\Source\xampp\htdocs\Arsip\app\Http\Controllers\ProfileController.php(141): Illuminate\Database\Eloquent\Builder->get()
#14 [internal function]: App\Http\Controllers\ProfileController->getProfile()
#15 D:\Programming\PHP\Source\xampp\htdocs\Arsip\vendor\laravel\framework\src\Illuminate\Routing\Controller.php(55): call_user_func_array(Array, Array)
#16 D:\Programming\PHP\Source\xampp\htdocs\Arsip\vendor\laravel\framework\src\Illuminate\Routing\ControllerDispatcher.php(44): Illuminate\Routing\Controller->callAction('getProfile', Array)
#17 D:\Programming\PHP\Source\xampp\htdocs\Arsip\vendor\laravel\framework\src\Illuminate\Routing\Route.php(189): Illuminate\Routing\ControllerDispatcher->dispatch(Object(Illuminate\Routing\Route), Object(App\Http\Controllers\ProfileController), 'getProfile')
#18 D:\Programming\PHP\Source\xampp\htdocs\Arsip\vendor\laravel\framework\src\Illuminate\Routing\Route.php(144): Illuminate\Routing\Route->runController()
#19 D:\Programming\PHP\Source\xampp\htdocs\Arsip\vendor\laravel\framework\src\Illuminate\Routing\Router.php(642): Illuminate\Routing\Route->run(Object(Illuminate\Http\Request))
#20 D:\Programming\PHP\Source\xampp\htdocs\Arsip\vendor\laravel\framework\src\Illuminate\Routing\Pipeline.php(53): Illuminate\Routing\Router->Illuminate\Routing\{closure}(Object(Illuminate\Http\Request))
#21 D:\Programming\PHP\Source\xampp\htdocs\Arsip\vendor\laravel\framework\src\Illuminate\Routing\Middleware\SubstituteBindings.php(41): Illuminate\Routing\Pipeline->Illuminate\Routing\{closure}(Object(Illuminate\Http\Request))
#22 D:\Programming\PHP\Source\xampp\htdocs\Arsip\vendor\laravel\framework\src\Illuminate\Pipeline\Pipeline.php(137): Illuminate\Routing\Middleware\SubstituteBindings->handle(Object(Illuminate\Http\Request), Object(Closure))
#23 D:\Programming\PHP\Source\xampp\htdocs\Arsip\vendor\laravel\framework\src\Illuminate\Routing\Pipeline.php(33): Illuminate\Pipeline\Pipeline->Illuminate\Pipeline\{closure}(Object(Illuminate\Http\Request))
#24 D:\Programming\PHP\Source\xampp\htdocs\Arsip\vendor\laravel\framework\src\Illuminate\Foundation\Http\Middleware\VerifyCsrfToken.php(65): Illuminate\Routing\Pipeline->Illuminate\Routing\{closure}(Object(Illuminate\Http\Request))
#25 D:\Programming\PHP\Source\xampp\htdocs\Arsip\vendor\laravel\framework\src\Illuminate\Pipeline\Pipeline.php(137): Illuminate\Foundation\Http\Middleware\VerifyCsrfToken->handle(Object(Illuminate\Http\Request), Object(Closure))
#26 D:\Programming\PHP\Source\xampp\htdocs\Arsip\vendor\laravel\framework\src\Illuminate\Routing\Pipeline.php(33): Illuminate\Pipeline\Pipeline->Illuminate\Pipeline\{closure}(Object(Illuminate\Http\Request))
#27 D:\Programming\PHP\Source\xampp\htdocs\Arsip\vendor\laravel\framework\src\Illuminate\View\Middleware\ShareErrorsFromSession.php(49): Illuminate\Routing\Pipeline->Illuminate\Routing\{closure}(Object(Illuminate\Http\Request))
#28 D:\Programming\PHP\Source\xampp\htdocs\Arsip\vendor\laravel\framework\src\Illuminate\Pipeline\Pipeline.php(137): Illuminate\View\Middleware\ShareErrorsFromSession->handle(Object(Illuminate\Http\Request), Object(Closure))
#29 D:\Programming\PHP\Source\xampp\htdocs\Arsip\vendor\laravel\framework\src\Illuminate\Routing\Pipeline.php(33): Illuminate\Pipeline\Pipeline->Illuminate\Pipeline\{closure}(Object(Illuminate\Http\Request))
#30 D:\Programming\PHP\Source\xampp\htdocs\Arsip\vendor\laravel\framework\src\Illuminate\Session\Middleware\StartSession.php(64): Illuminate\Routing\Pipeline->Illuminate\Routing\{closure}(Object(Illuminate\Http\Request))
#31 D:\Programming\PHP\Source\xampp\htdocs\Arsip\vendor\laravel\framework\src\Illuminate\Pipeline\Pipeline.php(137): Illuminate\Session\Middleware\StartSession->handle(Object(Illuminate\Http\Request), Object(Closure))
#32 D:\Programming\PHP\Source\xampp\htdocs\Arsip\vendor\laravel\framework\src\Illuminate\Routing\Pipeline.php(33): Illuminate\Pipeline\Pipeline->Illuminate\Pipeline\{closure}(Object(Illuminate\Http\Request))
#33 D:\Programming\PHP\Source\xampp\htdocs\Arsip\vendor\laravel\framework\src\Illuminate\Cookie\Middleware\AddQueuedCookiesToResponse.php(37): Illuminate\Routing\Pipeline->Illuminate\Routing\{closure}(Object(Illuminate\Http\Request))
#34 D:\Programming\PHP\Source\xampp\htdocs\Arsip\vendor\laravel\framework\src\Illuminate\Pipeline\Pipeline.php(137): Illuminate\Cookie\Middleware\AddQueuedCookiesToResponse->handle(Object(Illuminate\Http\Request), Object(Closure))
#35 D:\Programming\PHP\Source\xampp\htdocs\Arsip\vendor\laravel\framework\src\Illuminate\Routing\Pipeline.php(33): Illuminate\Pipeline\Pipeline->Illuminate\Pipeline\{closure}(Object(Illuminate\Http\Request))
#36 D:\Programming\PHP\Source\xampp\htdocs\Arsip\vendor\laravel\framework\src\Illuminate\Cookie\Middleware\EncryptCookies.php(59): Illuminate\Routing\Pipeline->Illuminate\Routing\{closure}(Object(Illuminate\Http\Request))
#37 D:\Programming\PHP\Source\xampp\htdocs\Arsip\vendor\laravel\framework\src\Illuminate\Pipeline\Pipeline.php(137): Illuminate\Cookie\Middleware\EncryptCookies->handle(Object(Illuminate\Http\Request), Object(Closure))
#38 D:\Programming\PHP\Source\xampp\htdocs\Arsip\vendor\laravel\framework\src\Illuminate\Routing\Pipeline.php(33): Illuminate\Pipeline\Pipeline->Illuminate\Pipeline\{closure}(Object(Illuminate\Http\Request))
#39 D:\Programming\PHP\Source\xampp\htdocs\Arsip\vendor\laravel\framework\src\Illuminate\Pipeline\Pipeline.php(104): Illuminate\Routing\Pipeline->Illuminate\Routing\{closure}(Object(Illuminate\Http\Request))
#40 D:\Programming\PHP\Source\xampp\htdocs\Arsip\vendor\laravel\framework\src\Illuminate\Routing\Router.php(644): Illuminate\Pipeline\Pipeline->then(Object(Closure))
#41 D:\Programming\PHP\Source\xampp\htdocs\Arsip\vendor\laravel\framework\src\Illuminate\Routing\Router.php(618): Illuminate\Routing\Router->runRouteWithinStack(Object(Illuminate\Routing\Route), Object(Illuminate\Http\Request))
#42 D:\Programming\PHP\Source\xampp\htdocs\Arsip\vendor\laravel\framework\src\Illuminate\Routing\Router.php(596): Illuminate\Routing\Router->dispatchToRoute(Object(Illuminate\Http\Request))
#43 D:\Programming\PHP\Source\xampp\htdocs\Arsip\vendor\laravel\framework\src\Illuminate\Foundation\Http\Kernel.php(267): Illuminate\Routing\Router->dispatch(Object(Illuminate\Http\Request))
#44 D:\Programming\PHP\Source\xampp\htdocs\Arsip\vendor\laravel\framework\src\Illuminate\Routing\Pipeline.php(53): Illuminate\Foundation\Http\Kernel->Illuminate\Foundation\Http\{closure}(Object(Illuminate\Http\Request))
#45 D:\Programming\PHP\Source\xampp\htdocs\Arsip\vendor\laravel\framework\src\Illuminate\Foundation\Http\Middleware\CheckForMaintenanceMode.php(46): Illuminate\Routing\Pipeline->Illuminate\Routing\{closure}(Object(Illuminate\Http\Request))
#46 D:\Programming\PHP\Source\xampp\htdocs\Arsip\vendor\laravel\framework\src\Illuminate\Pipeline\Pipeline.php(137): Illuminate\Foundation\Http\Middleware\CheckForMaintenanceMode->handle(Object(Illuminate\Http\Request), Object(Closure))
#47 D:\Programming\PHP\Source\xampp\htdocs\Arsip\vendor\laravel\framework\src\Illuminate\Routing\Pipeline.php(33): Illuminate\Pipeline\Pipeline->Illuminate\Pipeline\{closure}(Object(Illuminate\Http\Request))
#48 D:\Programming\PHP\Source\xampp\htdocs\Arsip\vendor\laravel\framework\src\Illuminate\Pipeline\Pipeline.php(104): Illuminate\Routing\Pipeline->Illuminate\Routing\{closure}(Object(Illuminate\Http\Request))
#49 D:\Programming\PHP\Source\xampp\htdocs\Arsip\vendor\laravel\framework\src\Illuminate\Foundation\Http\Kernel.php(149): Illuminate\Pipeline\Pipeline->then(Object(Closure))
#50 D:\Programming\PHP\Source\xampp\htdocs\Arsip\vendor\laravel\framework\src\Illuminate\Foundation\Http\Kernel.php(116): Illuminate\Foundation\Http\Kernel->sendRequestThroughRouter(Object(Illuminate\Http\Request))
#51 D:\Programming\PHP\Source\xampp\htdocs\Arsip\public\index.php(53): Illuminate\Foundation\Http\Kernel->handle(Object(Illuminate\Http\Request))
#52 D:\Programming\PHP\Source\xampp\htdocs\Arsip\server.php(21): require_once('D:\\Programming\\...')
#53 {main}  
[2018-05-01 09:02:07] local.ERROR: PDOException: SQLSTATE[HY000] [1049] Unknown database 'archieves' in D:\Programming\PHP\Source\xampp\htdocs\Arsip\vendor\laravel\framework\src\Illuminate\Database\Connectors\Connector.php:119
Stack trace:
#0 D:\Programming\PHP\Source\xampp\htdocs\Arsip\vendor\laravel\framework\src\Illuminate\Database\Connectors\Connector.php(119): PDO->__construct('mysql:host=127....', 'arsip', 'arsipBSB#', Array)
#1 D:\Programming\PHP\Source\xampp\htdocs\Arsip\vendor\laravel\framework\src\Illuminate\Database\Connectors\Connector.php(56): Illuminate\Database\Connectors\Connector->createPdoConnection('mysql:host=127....', 'arsip', 'arsipBSB#', Array)
#2 D:\Programming\PHP\Source\xampp\htdocs\Arsip\vendor\laravel\framework\src\Illuminate\Database\Connectors\MySqlConnector.php(24): Illuminate\Database\Connectors\Connector->createConnection('mysql:host=127....', Array, Array)
#3 D:\Programming\PHP\Source\xampp\htdocs\Arsip\vendor\laravel\framework\src\Illuminate\Database\Connectors\ConnectionFactory.php(127): Illuminate\Database\Connectors\MySqlConnector->connect(Array)
#4 [internal function]: Illuminate\Database\Connectors\ConnectionFactory->Illuminate\Database\Connectors\{closure}()
#5 D:\Programming\PHP\Source\xampp\htdocs\Arsip\vendor\laravel\framework\src\Illuminate\Database\Connection.php(964): call_user_func(Object(Closure))
#6 D:\Programming\PHP\Source\xampp\htdocs\Arsip\vendor\laravel\framework\src\Illuminate\Database\Connection.php(832): Illuminate\Database\Connection->getPdo()
#7 D:\Programming\PHP\Source\xampp\htdocs\Arsip\vendor\laravel\framework\src\Illuminate\Database\Connection.php(717): Illuminate\Database\Connection->reconnectIfMissingConnection()
#8 D:\Programming\PHP\Source\xampp\htdocs\Arsip\vendor\laravel\framework\src\Illuminate\Database\Connection.php(350): Illuminate\Database\Connection->run('select * from `...', Array, Object(Closure))
#9 D:\Programming\PHP\Source\xampp\htdocs\Arsip\vendor\laravel\framework\src\Illuminate\Database\Query\Builder.php(1648): Illuminate\Database\Connection->select('select * from `...', Array, true)
#10 D:\Programming\PHP\Source\xampp\htdocs\Arsip\vendor\laravel\framework\src\Illuminate\Database\Query\Builder.php(1634): Illuminate\Database\Query\Builder->runSelect()
#11 D:\Programming\PHP\Source\xampp\htdocs\Arsip\vendor\laravel\framework\src\Illuminate\Database\Eloquent\Builder.php(632): Illuminate\Database\Query\Builder->get(Array)
#12 D:\Programming\PHP\Source\xampp\htdocs\Arsip\vendor\laravel\framework\src\Illuminate\Database\Eloquent\Builder.php(327): Illuminate\Database\Eloquent\Builder->getModels(Array)
#13 D:\Programming\PHP\Source\xampp\htdocs\Arsip\app\Http\Controllers\ProfileController.php(141): Illuminate\Database\Eloquent\Builder->get()
#14 [internal function]: App\Http\Controllers\ProfileController->getProfile()
#15 D:\Programming\PHP\Source\xampp\htdocs\Arsip\vendor\laravel\framework\src\Illuminate\Routing\Controller.php(55): call_user_func_array(Array, Array)
#16 D:\Programming\PHP\Source\xampp\htdocs\Arsip\vendor\laravel\framework\src\Illuminate\Routing\ControllerDispatcher.php(44): Illuminate\Routing\Controller->callAction('getProfile', Array)
#17 D:\Programming\PHP\Source\xampp\htdocs\Arsip\vendor\laravel\framework\src\Illuminate\Routing\Route.php(189): Illuminate\Routing\ControllerDispatcher->dispatch(Object(Illuminate\Routing\Route), Object(App\Http\Controllers\ProfileController), 'getProfile')
#18 D:\Programming\PHP\Source\xampp\htdocs\Arsip\vendor\laravel\framework\src\Illuminate\Routing\Route.php(144): Illuminate\Routing\Route->runController()
#19 D:\Programming\PHP\Source\xampp\htdocs\Arsip\vendor\laravel\framework\src\Illuminate\Routing\Router.php(642): Illuminate\Routing\Route->run(Object(Illuminate\Http\Request))
#20 D:\Programming\PHP\Source\xampp\htdocs\Arsip\vendor\laravel\framework\src\Illuminate\Routing\Pipeline.php(53): Illuminate\Routing\Router->Illuminate\Routing\{closure}(Object(Illuminate\Http\Request))
#21 D:\Programming\PHP\Source\xampp\htdocs\Arsip\vendor\laravel\framework\src\Illuminate\Routing\Middleware\SubstituteBindings.php(41): Illuminate\Routing\Pipeline->Illuminate\Routing\{closure}(Object(Illuminate\Http\Request))
#22 D:\Programming\PHP\Source\xampp\htdocs\Arsip\vendor\laravel\framework\src\Illuminate\Pipeline\Pipeline.php(137): Illuminate\Routing\Middleware\SubstituteBindings->handle(Object(Illuminate\Http\Request), Object(Closure))
#23 D:\Programming\PHP\Source\xampp\htdocs\Arsip\vendor\laravel\framework\src\Illuminate\Routing\Pipeline.php(33): Illuminate\Pipeline\Pipeline->Illuminate\Pipeline\{closure}(Object(Illuminate\Http\Request))
#24 D:\Programming\PHP\Source\xampp\htdocs\Arsip\vendor\laravel\framework\src\Illuminate\Foundation\Http\Middleware\VerifyCsrfToken.php(65): Illuminate\Routing\Pipeline->Illuminate\Routing\{closure}(Object(Illuminate\Http\Request))
#25 D:\Programming\PHP\Source\xampp\htdocs\Arsip\vendor\laravel\framework\src\Illuminate\Pipeline\Pipeline.php(137): Illuminate\Foundation\Http\Middleware\VerifyCsrfToken->handle(Object(Illuminate\Http\Request), Object(Closure))
#26 D:\Programming\PHP\Source\xampp\htdocs\Arsip\vendor\laravel\framework\src\Illuminate\Routing\Pipeline.php(33): Illuminate\Pipeline\Pipeline->Illuminate\Pipeline\{closure}(Object(Illuminate\Http\Request))
#27 D:\Programming\PHP\Source\xampp\htdocs\Arsip\vendor\laravel\framework\src\Illuminate\View\Middleware\ShareErrorsFromSession.php(49): Illuminate\Routing\Pipeline->Illuminate\Routing\{closure}(Object(Illuminate\Http\Request))
#28 D:\Programming\PHP\Source\xampp\htdocs\Arsip\vendor\laravel\framework\src\Illuminate\Pipeline\Pipeline.php(137): Illuminate\View\Middleware\ShareErrorsFromSession->handle(Object(Illuminate\Http\Request), Object(Closure))
#29 D:\Programming\PHP\Source\xampp\htdocs\Arsip\vendor\laravel\framework\src\Illuminate\Routing\Pipeline.php(33): Illuminate\Pipeline\Pipeline->Illuminate\Pipeline\{closure}(Object(Illuminate\Http\Request))
#30 D:\Programming\PHP\Source\xampp\htdocs\Arsip\vendor\laravel\framework\src\Illuminate\Session\Middleware\StartSession.php(64): Illuminate\Routing\Pipeline->Illuminate\Routing\{closure}(Object(Illuminate\Http\Request))
#31 D:\Programming\PHP\Source\xampp\htdocs\Arsip\vendor\laravel\framework\src\Illuminate\Pipeline\Pipeline.php(137): Illuminate\Session\Middleware\StartSession->handle(Object(Illuminate\Http\Request), Object(Closure))
#32 D:\Programming\PHP\Source\xampp\htdocs\Arsip\vendor\laravel\framework\src\Illuminate\Routing\Pipeline.php(33): Illuminate\Pipeline\Pipeline->Illuminate\Pipeline\{closure}(Object(Illuminate\Http\Request))
#33 D:\Programming\PHP\Source\xampp\htdocs\Arsip\vendor\laravel\framework\src\Illuminate\Cookie\Middleware\AddQueuedCookiesToResponse.php(37): Illuminate\Routing\Pipeline->Illuminate\Routing\{closure}(Object(Illuminate\Http\Request))
#34 D:\Programming\PHP\Source\xampp\htdocs\Arsip\vendor\laravel\framework\src\Illuminate\Pipeline\Pipeline.php(137): Illuminate\Cookie\Middleware\AddQueuedCookiesToResponse->handle(Object(Illuminate\Http\Request), Object(Closure))
#35 D:\Programming\PHP\Source\xampp\htdocs\Arsip\vendor\laravel\framework\src\Illuminate\Routing\Pipeline.php(33): Illuminate\Pipeline\Pipeline->Illuminate\Pipeline\{closure}(Object(Illuminate\Http\Request))
#36 D:\Programming\PHP\Source\xampp\htdocs\Arsip\vendor\laravel\framework\src\Illuminate\Cookie\Middleware\EncryptCookies.php(59): Illuminate\Routing\Pipeline->Illuminate\Routing\{closure}(Object(Illuminate\Http\Request))
#37 D:\Programming\PHP\Source\xampp\htdocs\Arsip\vendor\laravel\framework\src\Illuminate\Pipeline\Pipeline.php(137): Illuminate\Cookie\Middleware\EncryptCookies->handle(Object(Illuminate\Http\Request), Object(Closure))
#38 D:\Programming\PHP\Source\xampp\htdocs\Arsip\vendor\laravel\framework\src\Illuminate\Routing\Pipeline.php(33): Illuminate\Pipeline\Pipeline->Illuminate\Pipeline\{closure}(Object(Illuminate\Http\Request))
#39 D:\Programming\PHP\Source\xampp\htdocs\Arsip\vendor\laravel\framework\src\Illuminate\Pipeline\Pipeline.php(104): Illuminate\Routing\Pipeline->Illuminate\Routing\{closure}(Object(Illuminate\Http\Request))
#40 D:\Programming\PHP\Source\xampp\htdocs\Arsip\vendor\laravel\framework\src\Illuminate\Routing\Router.php(644): Illuminate\Pipeline\Pipeline->then(Object(Closure))
#41 D:\Programming\PHP\Source\xampp\htdocs\Arsip\vendor\laravel\framework\src\Illuminate\Routing\Router.php(618): Illuminate\Routing\Router->runRouteWithinStack(Object(Illuminate\Routing\Route), Object(Illuminate\Http\Request))
#42 D:\Programming\PHP\Source\xampp\htdocs\Arsip\vendor\laravel\framework\src\Illuminate\Routing\Router.php(596): Illuminate\Routing\Router->dispatchToRoute(Object(Illuminate\Http\Request))
#43 D:\Programming\PHP\Source\xampp\htdocs\Arsip\vendor\laravel\framework\src\Illuminate\Foundation\Http\Kernel.php(267): Illuminate\Routing\Router->dispatch(Object(Illuminate\Http\Request))
#44 D:\Programming\PHP\Source\xampp\htdocs\Arsip\vendor\laravel\framework\src\Illuminate\Routing\Pipeline.php(53): Illuminate\Foundation\Http\Kernel->Illuminate\Foundation\Http\{closure}(Object(Illuminate\Http\Request))
#45 D:\Programming\PHP\Source\xampp\htdocs\Arsip\vendor\laravel\framework\src\Illuminate\Foundation\Http\Middleware\CheckForMaintenanceMode.php(46): Illuminate\Routing\Pipeline->Illuminate\Routing\{closure}(Object(Illuminate\Http\Request))
#46 D:\Programming\PHP\Source\xampp\htdocs\Arsip\vendor\laravel\framework\src\Illuminate\Pipeline\Pipeline.php(137): Illuminate\Foundation\Http\Middleware\CheckForMaintenanceMode->handle(Object(Illuminate\Http\Request), Object(Closure))
#47 D:\Programming\PHP\Source\xampp\htdocs\Arsip\vendor\laravel\framework\src\Illuminate\Routing\Pipeline.php(33): Illuminate\Pipeline\Pipeline->Illuminate\Pipeline\{closure}(Object(Illuminate\Http\Request))
#48 D:\Programming\PHP\Source\xampp\htdocs\Arsip\vendor\laravel\framework\src\Illuminate\Pipeline\Pipeline.php(104): Illuminate\Routing\Pipeline->Illuminate\Routing\{closure}(Object(Illuminate\Http\Request))
#49 D:\Programming\PHP\Source\xampp\htdocs\Arsip\vendor\laravel\framework\src\Illuminate\Foundation\Http\Kernel.php(149): Illuminate\Pipeline\Pipeline->then(Object(Closure))
#50 D:\Programming\PHP\Source\xampp\htdocs\Arsip\vendor\laravel\framework\src\Illuminate\Foundation\Http\Kernel.php(116): Illuminate\Foundation\Http\Kernel->sendRequestThroughRouter(Object(Illuminate\Http\Request))
#51 D:\Programming\PHP\Source\xampp\htdocs\Arsip\public\index.php(53): Illuminate\Foundation\Http\Kernel->handle(Object(Illuminate\Http\Request))
#52 D:\Programming\PHP\Source\xampp\htdocs\Arsip\server.php(21): require_once('D:\\Programming\\...')
#53 {main}  
[2018-05-01 09:03:15] local.ERROR: PDOException: SQLSTATE[HY000] [1049] Unknown database 'archieves' in D:\Programming\PHP\Source\xampp\htdocs\Arsip\vendor\laravel\framework\src\Illuminate\Database\Connectors\Connector.php:119
Stack trace:
#0 D:\Programming\PHP\Source\xampp\htdocs\Arsip\vendor\laravel\framework\src\Illuminate\Database\Connectors\Connector.php(119): PDO->__construct('mysql:host=127....', 'arsip', 'arsipBSB#', Array)
#1 D:\Programming\PHP\Source\xampp\htdocs\Arsip\vendor\laravel\framework\src\Illuminate\Database\Connectors\Connector.php(56): Illuminate\Database\Connectors\Connector->createPdoConnection('mysql:host=127....', 'arsip', 'arsipBSB#', Array)
#2 D:\Programming\PHP\Source\xampp\htdocs\Arsip\vendor\laravel\framework\src\Illuminate\Database\Connectors\MySqlConnector.php(24): Illuminate\Database\Connectors\Connector->createConnection('mysql:host=127....', Array, Array)
#3 D:\Programming\PHP\Source\xampp\htdocs\Arsip\vendor\laravel\framework\src\Illuminate\Database\Connectors\ConnectionFactory.php(127): Illuminate\Database\Connectors\MySqlConnector->connect(Array)
#4 [internal function]: Illuminate\Database\Connectors\ConnectionFactory->Illuminate\Database\Connectors\{closure}()
#5 D:\Programming\PHP\Source\xampp\htdocs\Arsip\vendor\laravel\framework\src\Illuminate\Database\Connection.php(964): call_user_func(Object(Closure))
#6 D:\Programming\PHP\Source\xampp\htdocs\Arsip\vendor\laravel\framework\src\Illuminate\Database\Connection.php(832): Illuminate\Database\Connection->getPdo()
#7 D:\Programming\PHP\Source\xampp\htdocs\Arsip\vendor\laravel\framework\src\Illuminate\Database\Connection.php(717): Illuminate\Database\Connection->reconnectIfMissingConnection()
#8 D:\Programming\PHP\Source\xampp\htdocs\Arsip\vendor\laravel\framework\src\Illuminate\Database\Connection.php(350): Illuminate\Database\Connection->run('select * from `...', Array, Object(Closure))
#9 D:\Programming\PHP\Source\xampp\htdocs\Arsip\vendor\laravel\framework\src\Illuminate\Database\Query\Builder.php(1648): Illuminate\Database\Connection->select('select * from `...', Array, true)
#10 D:\Programming\PHP\Source\xampp\htdocs\Arsip\vendor\laravel\framework\src\Illuminate\Database\Query\Builder.php(1634): Illuminate\Database\Query\Builder->runSelect()
#11 D:\Programming\PHP\Source\xampp\htdocs\Arsip\vendor\laravel\framework\src\Illuminate\Database\Eloquent\Builder.php(632): Illuminate\Database\Query\Builder->get(Array)
#12 D:\Programming\PHP\Source\xampp\htdocs\Arsip\vendor\laravel\framework\src\Illuminate\Database\Eloquent\Builder.php(327): Illuminate\Database\Eloquent\Builder->getModels(Array)
#13 D:\Programming\PHP\Source\xampp\htdocs\Arsip\vendor\laravel\framework\src\Illuminate\Database\Eloquent\Builder.php(297): Illuminate\Database\Eloquent\Builder->get(Array)
#14 D:\Programming\PHP\Source\xampp\htdocs\Arsip\vendor\laravel\framework\src\Illuminate\Auth\EloquentUserProvider.php(104): Illuminate\Database\Eloquent\Builder->first()
#15 D:\Programming\PHP\Source\xampp\htdocs\Arsip\vendor\laravel\framework\src\Illuminate\Auth\SessionGuard.php(353): Illuminate\Auth\EloquentUserProvider->retrieveByCredentials(Array)
#16 D:\Programming\PHP\Source\xampp\htdocs\Arsip\vendor\laravel\framework\src\Illuminate\Foundation\Auth\AuthenticatesUsers.php(76): Illuminate\Auth\SessionGuard->attempt(Array, false)
#17 D:\Programming\PHP\Source\xampp\htdocs\Arsip\vendor\laravel\framework\src\Illuminate\Foundation\Auth\AuthenticatesUsers.php(42): App\Http\Controllers\Auth\LoginController->attemptLogin(Object(Illuminate\Http\Request))
#18 [internal function]: App\Http\Controllers\Auth\LoginController->login(Object(Illuminate\Http\Request))
#19 D:\Programming\PHP\Source\xampp\htdocs\Arsip\vendor\laravel\framework\src\Illuminate\Routing\Controller.php(55): call_user_func_array(Array, Array)
#20 D:\Programming\PHP\Source\xampp\htdocs\Arsip\vendor\laravel\framework\src\Illuminate\Routing\ControllerDispatcher.php(44): Illuminate\Routing\Controller->callAction('login', Array)
#21 D:\Programming\PHP\Source\xampp\htdocs\Arsip\vendor\laravel\framework\src\Illuminate\Routing\Route.php(189): Illuminate\Routing\ControllerDispatcher->dispatch(Object(Illuminate\Routing\Route), Object(App\Http\Controllers\Auth\LoginController), 'login')
#22 D:\Programming\PHP\Source\xampp\htdocs\Arsip\vendor\laravel\framework\src\Illuminate\Routing\Route.php(144): Illuminate\Routing\Route->runController()
#23 D:\Programming\PHP\Source\xampp\htdocs\Arsip\vendor\laravel\framework\src\Illuminate\Routing\Router.php(642): Illuminate\Routing\Route->run(Object(Illuminate\Http\Request))
#24 D:\Programming\PHP\Source\xampp\htdocs\Arsip\vendor\laravel\framework\src\Illuminate\Routing\Pipeline.php(53): Illuminate\Routing\Router->Illuminate\Routing\{closure}(Object(Illuminate\Http\Request))
#25 D:\Programming\PHP\Source\xampp\htdocs\Arsip\app\Http\Middleware\RedirectIfAuthenticated.php(24): Illuminate\Routing\Pipeline->Illuminate\Routing\{closure}(Object(Illuminate\Http\Request))
#26 D:\Programming\PHP\Source\xampp\htdocs\Arsip\vendor\laravel\framework\src\Illuminate\Pipeline\Pipeline.php(137): App\Http\Middleware\RedirectIfAuthenticated->handle(Object(Illuminate\Http\Request), Object(Closure))
#27 D:\Programming\PHP\Source\xampp\htdocs\Arsip\vendor\laravel\framework\src\Illuminate\Routing\Pipeline.php(33): Illuminate\Pipeline\Pipeline->Illuminate\Pipeline\{closure}(Object(Illuminate\Http\Request))
#28 D:\Programming\PHP\Source\xampp\htdocs\Arsip\vendor\laravel\framework\src\Illuminate\Routing\Middleware\SubstituteBindings.php(41): Illuminate\Routing\Pipeline->Illuminate\Routing\{closure}(Object(Illuminate\Http\Request))
#29 D:\Programming\PHP\Source\xampp\htdocs\Arsip\vendor\laravel\framework\src\Illuminate\Pipeline\Pipeline.php(137): Illuminate\Routing\Middleware\SubstituteBindings->handle(Object(Illuminate\Http\Request), Object(Closure))
#30 D:\Programming\PHP\Source\xampp\htdocs\Arsip\vendor\laravel\framework\src\Illuminate\Routing\Pipeline.php(33): Illuminate\Pipeline\Pipeline->Illuminate\Pipeline\{closure}(Object(Illuminate\Http\Request))
#31 D:\Programming\PHP\Source\xampp\htdocs\Arsip\vendor\laravel\framework\src\Illuminate\Foundation\Http\Middleware\VerifyCsrfToken.php(65): Illuminate\Routing\Pipeline->Illuminate\Routing\{closure}(Object(Illuminate\Http\Request))
#32 D:\Programming\PHP\Source\xampp\htdocs\Arsip\vendor\laravel\framework\src\Illuminate\Pipeline\Pipeline.php(137): Illuminate\Foundation\Http\Middleware\VerifyCsrfToken->handle(Object(Illuminate\Http\Request), Object(Closure))
#33 D:\Programming\PHP\Source\xampp\htdocs\Arsip\vendor\laravel\framework\src\Illuminate\Routing\Pipeline.php(33): Illuminate\Pipeline\Pipeline->Illuminate\Pipeline\{closure}(Object(Illuminate\Http\Request))
#34 D:\Programming\PHP\Source\xampp\htdocs\Arsip\vendor\laravel\framework\src\Illuminate\View\Middleware\ShareErrorsFromSession.php(49): Illuminate\Routing\Pipeline->Illuminate\Routing\{closure}(Object(Illuminate\Http\Request))
#35 D:\Programming\PHP\Source\xampp\htdocs\Arsip\vendor\laravel\framework\src\Illuminate\Pipeline\Pipeline.php(137): Illuminate\View\Middleware\ShareErrorsFromSession->handle(Object(Illuminate\Http\Request), Object(Closure))
#36 D:\Programming\PHP\Source\xampp\htdocs\Arsip\vendor\laravel\framework\src\Illuminate\Routing\Pipeline.php(33): Illuminate\Pipeline\Pipeline->Illuminate\Pipeline\{closure}(Object(Illuminate\Http\Request))
#37 D:\Programming\PHP\Source\xampp\htdocs\Arsip\vendor\laravel\framework\src\Illuminate\Session\Middleware\StartSession.php(64): Illuminate\Routing\Pipeline->Illuminate\Routing\{closure}(Object(Illuminate\Http\Request))
#38 D:\Programming\PHP\Source\xampp\htdocs\Arsip\vendor\laravel\framework\src\Illuminate\Pipeline\Pipeline.php(137): Illuminate\Session\Middleware\StartSession->handle(Object(Illuminate\Http\Request), Object(Closure))
#39 D:\Programming\PHP\Source\xampp\htdocs\Arsip\vendor\laravel\framework\src\Illuminate\Routing\Pipeline.php(33): Illuminate\Pipeline\Pipeline->Illuminate\Pipeline\{closure}(Object(Illuminate\Http\Request))
#40 D:\Programming\PHP\Source\xampp\htdocs\Arsip\vendor\laravel\framework\src\Illuminate\Cookie\Middleware\AddQueuedCookiesToResponse.php(37): Illuminate\Routing\Pipeline->Illuminate\Routing\{closure}(Object(Illuminate\Http\Request))
#41 D:\Programming\PHP\Source\xampp\htdocs\Arsip\vendor\laravel\framework\src\Illuminate\Pipeline\Pipeline.php(137): Illuminate\Cookie\Middleware\AddQueuedCookiesToResponse->handle(Object(Illuminate\Http\Request), Object(Closure))
#42 D:\Programming\PHP\Source\xampp\htdocs\Arsip\vendor\laravel\framework\src\Illuminate\Routing\Pipeline.php(33): Illuminate\Pipeline\Pipeline->Illuminate\Pipeline\{closure}(Object(Illuminate\Http\Request))
#43 D:\Programming\PHP\Source\xampp\htdocs\Arsip\vendor\laravel\framework\src\Illuminate\Cookie\Middleware\EncryptCookies.php(59): Illuminate\Routing\Pipeline->Illuminate\Routing\{closure}(Object(Illuminate\Http\Request))
#44 D:\Programming\PHP\Source\xampp\htdocs\Arsip\vendor\laravel\framework\src\Illuminate\Pipeline\Pipeline.php(137): Illuminate\Cookie\Middleware\EncryptCookies->handle(Object(Illuminate\Http\Request), Object(Closure))
#45 D:\Programming\PHP\Source\xampp\htdocs\Arsip\vendor\laravel\framework\src\Illuminate\Routing\Pipeline.php(33): Illuminate\Pipeline\Pipeline->Illuminate\Pipeline\{closure}(Object(Illuminate\Http\Request))
#46 D:\Programming\PHP\Source\xampp\htdocs\Arsip\vendor\laravel\framework\src\Illuminate\Pipeline\Pipeline.php(104): Illuminate\Routing\Pipeline->Illuminate\Routing\{closure}(Object(Illuminate\Http\Request))
#47 D:\Programming\PHP\Source\xampp\htdocs\Arsip\vendor\laravel\framework\src\Illuminate\Routing\Router.php(644): Illuminate\Pipeline\Pipeline->then(Object(Closure))
#48 D:\Programming\PHP\Source\xampp\htdocs\Arsip\vendor\laravel\framework\src\Illuminate\Routing\Router.php(618): Illuminate\Routing\Router->runRouteWithinStack(Object(Illuminate\Routing\Route), Object(Illuminate\Http\Request))
#49 D:\Programming\PHP\Source\xampp\htdocs\Arsip\vendor\laravel\framework\src\Illuminate\Routing\Router.php(596): Illuminate\Routing\Router->dispatchToRoute(Object(Illuminate\Http\Request))
#50 D:\Programming\PHP\Source\xampp\htdocs\Arsip\vendor\laravel\framework\src\Illuminate\Foundation\Http\Kernel.php(267): Illuminate\Routing\Router->dispatch(Object(Illuminate\Http\Request))
#51 D:\Programming\PHP\Source\xampp\htdocs\Arsip\vendor\laravel\framework\src\Illuminate\Routing\Pipeline.php(53): Illuminate\Foundation\Http\Kernel->Illuminate\Foundation\Http\{closure}(Object(Illuminate\Http\Request))
#52 D:\Programming\PHP\Source\xampp\htdocs\Arsip\vendor\laravel\framework\src\Illuminate\Foundation\Http\Middleware\CheckForMaintenanceMode.php(46): Illuminate\Routing\Pipeline->Illuminate\Routing\{closure}(Object(Illuminate\Http\Request))
#53 D:\Programming\PHP\Source\xampp\htdocs\Arsip\vendor\laravel\framework\src\Illuminate\Pipeline\Pipeline.php(137): Illuminate\Foundation\Http\Middleware\CheckForMaintenanceMode->handle(Object(Illuminate\Http\Request), Object(Closure))
#54 D:\Programming\PHP\Source\xampp\htdocs\Arsip\vendor\laravel\framework\src\Illuminate\Routing\Pipeline.php(33): Illuminate\Pipeline\Pipeline->Illuminate\Pipeline\{closure}(Object(Illuminate\Http\Request))
#55 D:\Programming\PHP\Source\xampp\htdocs\Arsip\vendor\laravel\framework\src\Illuminate\Pipeline\Pipeline.php(104): Illuminate\Routing\Pipeline->Illuminate\Routing\{closure}(Object(Illuminate\Http\Request))
#56 D:\Programming\PHP\Source\xampp\htdocs\Arsip\vendor\laravel\framework\src\Illuminate\Foundation\Http\Kernel.php(149): Illuminate\Pipeline\Pipeline->then(Object(Closure))
#57 D:\Programming\PHP\Source\xampp\htdocs\Arsip\vendor\laravel\framework\src\Illuminate\Foundation\Http\Kernel.php(116): Illuminate\Foundation\Http\Kernel->sendRequestThroughRouter(Object(Illuminate\Http\Request))
#58 D:\Programming\PHP\Source\xampp\htdocs\Arsip\public\index.php(53): Illuminate\Foundation\Http\Kernel->handle(Object(Illuminate\Http\Request))
#59 D:\Programming\PHP\Source\xampp\htdocs\Arsip\server.php(21): require_once('D:\\Programming\\...')
#60 {main}  
[2018-05-01 09:03:15] local.ERROR: PDOException: SQLSTATE[HY000] [1049] Unknown database 'archieves' in D:\Programming\PHP\Source\xampp\htdocs\Arsip\vendor\laravel\framework\src\Illuminate\Database\Connectors\Connector.php:119
Stack trace:
#0 D:\Programming\PHP\Source\xampp\htdocs\Arsip\vendor\laravel\framework\src\Illuminate\Database\Connectors\Connector.php(119): PDO->__construct('mysql:host=127....', 'arsip', 'arsipBSB#', Array)
#1 D:\Programming\PHP\Source\xampp\htdocs\Arsip\vendor\laravel\framework\src\Illuminate\Database\Connectors\Connector.php(56): Illuminate\Database\Connectors\Connector->createPdoConnection('mysql:host=127....', 'arsip', 'arsipBSB#', Array)
#2 D:\Programming\PHP\Source\xampp\htdocs\Arsip\vendor\laravel\framework\src\Illuminate\Database\Connectors\MySqlConnector.php(24): Illuminate\Database\Connectors\Connector->createConnection('mysql:host=127....', Array, Array)
#3 D:\Programming\PHP\Source\xampp\htdocs\Arsip\vendor\laravel\framework\src\Illuminate\Database\Connectors\ConnectionFactory.php(127): Illuminate\Database\Connectors\MySqlConnector->connect(Array)
#4 [internal function]: Illuminate\Database\Connectors\ConnectionFactory->Illuminate\Database\Connectors\{closure}()
#5 D:\Programming\PHP\Source\xampp\htdocs\Arsip\vendor\laravel\framework\src\Illuminate\Database\Connection.php(964): call_user_func(Object(Closure))
#6 D:\Programming\PHP\Source\xampp\htdocs\Arsip\vendor\laravel\framework\src\Illuminate\Database\Connection.php(832): Illuminate\Database\Connection->getPdo()
#7 D:\Programming\PHP\Source\xampp\htdocs\Arsip\vendor\laravel\framework\src\Illuminate\Database\Connection.php(717): Illuminate\Database\Connection->reconnectIfMissingConnection()
#8 D:\Programming\PHP\Source\xampp\htdocs\Arsip\vendor\laravel\framework\src\Illuminate\Database\Connection.php(350): Illuminate\Database\Connection->run('select * from `...', Array, Object(Closure))
#9 D:\Programming\PHP\Source\xampp\htdocs\Arsip\vendor\laravel\framework\src\Illuminate\Database\Query\Builder.php(1648): Illuminate\Database\Connection->select('select * from `...', Array, true)
#10 D:\Programming\PHP\Source\xampp\htdocs\Arsip\vendor\laravel\framework\src\Illuminate\Database\Query\Builder.php(1634): Illuminate\Database\Query\Builder->runSelect()
#11 D:\Programming\PHP\Source\xampp\htdocs\Arsip\vendor\laravel\framework\src\Illuminate\Database\Eloquent\Builder.php(632): Illuminate\Database\Query\Builder->get(Array)
#12 D:\Programming\PHP\Source\xampp\htdocs\Arsip\vendor\laravel\framework\src\Illuminate\Database\Eloquent\Builder.php(327): Illuminate\Database\Eloquent\Builder->getModels(Array)
#13 D:\Programming\PHP\Source\xampp\htdocs\Arsip\vendor\laravel\framework\src\Illuminate\Database\Eloquent\Builder.php(297): Illuminate\Database\Eloquent\Builder->get(Array)
#14 D:\Programming\PHP\Source\xampp\htdocs\Arsip\vendor\laravel\framework\src\Illuminate\Auth\EloquentUserProvider.php(104): Illuminate\Database\Eloquent\Builder->first()
#15 D:\Programming\PHP\Source\xampp\htdocs\Arsip\vendor\laravel\framework\src\Illuminate\Auth\SessionGuard.php(353): Illuminate\Auth\EloquentUserProvider->retrieveByCredentials(Array)
#16 D:\Programming\PHP\Source\xampp\htdocs\Arsip\vendor\laravel\framework\src\Illuminate\Foundation\Auth\AuthenticatesUsers.php(76): Illuminate\Auth\SessionGuard->attempt(Array, false)
#17 D:\Programming\PHP\Source\xampp\htdocs\Arsip\vendor\laravel\framework\src\Illuminate\Foundation\Auth\AuthenticatesUsers.php(42): App\Http\Controllers\Auth\LoginController->attemptLogin(Object(Illuminate\Http\Request))
#18 [internal function]: App\Http\Controllers\Auth\LoginController->login(Object(Illuminate\Http\Request))
#19 D:\Programming\PHP\Source\xampp\htdocs\Arsip\vendor\laravel\framework\src\Illuminate\Routing\Controller.php(55): call_user_func_array(Array, Array)
#20 D:\Programming\PHP\Source\xampp\htdocs\Arsip\vendor\laravel\framework\src\Illuminate\Routing\ControllerDispatcher.php(44): Illuminate\Routing\Controller->callAction('login', Array)
#21 D:\Programming\PHP\Source\xampp\htdocs\Arsip\vendor\laravel\framework\src\Illuminate\Routing\Route.php(189): Illuminate\Routing\ControllerDispatcher->dispatch(Object(Illuminate\Routing\Route), Object(App\Http\Controllers\Auth\LoginController), 'login')
#22 D:\Programming\PHP\Source\xampp\htdocs\Arsip\vendor\laravel\framework\src\Illuminate\Routing\Route.php(144): Illuminate\Routing\Route->runController()
#23 D:\Programming\PHP\Source\xampp\htdocs\Arsip\vendor\laravel\framework\src\Illuminate\Routing\Router.php(642): Illuminate\Routing\Route->run(Object(Illuminate\Http\Request))
#24 D:\Programming\PHP\Source\xampp\htdocs\Arsip\vendor\laravel\framework\src\Illuminate\Routing\Pipeline.php(53): Illuminate\Routing\Router->Illuminate\Routing\{closure}(Object(Illuminate\Http\Request))
#25 D:\Programming\PHP\Source\xampp\htdocs\Arsip\app\Http\Middleware\RedirectIfAuthenticated.php(24): Illuminate\Routing\Pipeline->Illuminate\Routing\{closure}(Object(Illuminate\Http\Request))
#26 D:\Programming\PHP\Source\xampp\htdocs\Arsip\vendor\laravel\framework\src\Illuminate\Pipeline\Pipeline.php(137): App\Http\Middleware\RedirectIfAuthenticated->handle(Object(Illuminate\Http\Request), Object(Closure))
#27 D:\Programming\PHP\Source\xampp\htdocs\Arsip\vendor\laravel\framework\src\Illuminate\Routing\Pipeline.php(33): Illuminate\Pipeline\Pipeline->Illuminate\Pipeline\{closure}(Object(Illuminate\Http\Request))
#28 D:\Programming\PHP\Source\xampp\htdocs\Arsip\vendor\laravel\framework\src\Illuminate\Routing\Middleware\SubstituteBindings.php(41): Illuminate\Routing\Pipeline->Illuminate\Routing\{closure}(Object(Illuminate\Http\Request))
#29 D:\Programming\PHP\Source\xampp\htdocs\Arsip\vendor\laravel\framework\src\Illuminate\Pipeline\Pipeline.php(137): Illuminate\Routing\Middleware\SubstituteBindings->handle(Object(Illuminate\Http\Request), Object(Closure))
#30 D:\Programming\PHP\Source\xampp\htdocs\Arsip\vendor\laravel\framework\src\Illuminate\Routing\Pipeline.php(33): Illuminate\Pipeline\Pipeline->Illuminate\Pipeline\{closure}(Object(Illuminate\Http\Request))
#31 D:\Programming\PHP\Source\xampp\htdocs\Arsip\vendor\laravel\framework\src\Illuminate\Foundation\Http\Middleware\VerifyCsrfToken.php(65): Illuminate\Routing\Pipeline->Illuminate\Routing\{closure}(Object(Illuminate\Http\Request))
#32 D:\Programming\PHP\Source\xampp\htdocs\Arsip\vendor\laravel\framework\src\Illuminate\Pipeline\Pipeline.php(137): Illuminate\Foundation\Http\Middleware\VerifyCsrfToken->handle(Object(Illuminate\Http\Request), Object(Closure))
#33 D:\Programming\PHP\Source\xampp\htdocs\Arsip\vendor\laravel\framework\src\Illuminate\Routing\Pipeline.php(33): Illuminate\Pipeline\Pipeline->Illuminate\Pipeline\{closure}(Object(Illuminate\Http\Request))
#34 D:\Programming\PHP\Source\xampp\htdocs\Arsip\vendor\laravel\framework\src\Illuminate\View\Middleware\ShareErrorsFromSession.php(49): Illuminate\Routing\Pipeline->Illuminate\Routing\{closure}(Object(Illuminate\Http\Request))
#35 D:\Programming\PHP\Source\xampp\htdocs\Arsip\vendor\laravel\framework\src\Illuminate\Pipeline\Pipeline.php(137): Illuminate\View\Middleware\ShareErrorsFromSession->handle(Object(Illuminate\Http\Request), Object(Closure))
#36 D:\Programming\PHP\Source\xampp\htdocs\Arsip\vendor\laravel\framework\src\Illuminate\Routing\Pipeline.php(33): Illuminate\Pipeline\Pipeline->Illuminate\Pipeline\{closure}(Object(Illuminate\Http\Request))
#37 D:\Programming\PHP\Source\xampp\htdocs\Arsip\vendor\laravel\framework\src\Illuminate\Session\Middleware\StartSession.php(64): Illuminate\Routing\Pipeline->Illuminate\Routing\{closure}(Object(Illuminate\Http\Request))
#38 D:\Programming\PHP\Source\xampp\htdocs\Arsip\vendor\laravel\framework\src\Illuminate\Pipeline\Pipeline.php(137): Illuminate\Session\Middleware\StartSession->handle(Object(Illuminate\Http\Request), Object(Closure))
#39 D:\Programming\PHP\Source\xampp\htdocs\Arsip\vendor\laravel\framework\src\Illuminate\Routing\Pipeline.php(33): Illuminate\Pipeline\Pipeline->Illuminate\Pipeline\{closure}(Object(Illuminate\Http\Request))
#40 D:\Programming\PHP\Source\xampp\htdocs\Arsip\vendor\laravel\framework\src\Illuminate\Cookie\Middleware\AddQueuedCookiesToResponse.php(37): Illuminate\Routing\Pipeline->Illuminate\Routing\{closure}(Object(Illuminate\Http\Request))
#41 D:\Programming\PHP\Source\xampp\htdocs\Arsip\vendor\laravel\framework\src\Illuminate\Pipeline\Pipeline.php(137): Illuminate\Cookie\Middleware\AddQueuedCookiesToResponse->handle(Object(Illuminate\Http\Request), Object(Closure))
#42 D:\Programming\PHP\Source\xampp\htdocs\Arsip\vendor\laravel\framework\src\Illuminate\Routing\Pipeline.php(33): Illuminate\Pipeline\Pipeline->Illuminate\Pipeline\{closure}(Object(Illuminate\Http\Request))
#43 D:\Programming\PHP\Source\xampp\htdocs\Arsip\vendor\laravel\framework\src\Illuminate\Cookie\Middleware\EncryptCookies.php(59): Illuminate\Routing\Pipeline->Illuminate\Routing\{closure}(Object(Illuminate\Http\Request))
#44 D:\Programming\PHP\Source\xampp\htdocs\Arsip\vendor\laravel\framework\src\Illuminate\Pipeline\Pipeline.php(137): Illuminate\Cookie\Middleware\EncryptCookies->handle(Object(Illuminate\Http\Request), Object(Closure))
#45 D:\Programming\PHP\Source\xampp\htdocs\Arsip\vendor\laravel\framework\src\Illuminate\Routing\Pipeline.php(33): Illuminate\Pipeline\Pipeline->Illuminate\Pipeline\{closure}(Object(Illuminate\Http\Request))
#46 D:\Programming\PHP\Source\xampp\htdocs\Arsip\vendor\laravel\framework\src\Illuminate\Pipeline\Pipeline.php(104): Illuminate\Routing\Pipeline->Illuminate\Routing\{closure}(Object(Illuminate\Http\Request))
#47 D:\Programming\PHP\Source\xampp\htdocs\Arsip\vendor\laravel\framework\src\Illuminate\Routing\Router.php(644): Illuminate\Pipeline\Pipeline->then(Object(Closure))
#48 D:\Programming\PHP\Source\xampp\htdocs\Arsip\vendor\laravel\framework\src\Illuminate\Routing\Router.php(618): Illuminate\Routing\Router->runRouteWithinStack(Object(Illuminate\Routing\Route), Object(Illuminate\Http\Request))
#49 D:\Programming\PHP\Source\xampp\htdocs\Arsip\vendor\laravel\framework\src\Illuminate\Routing\Router.php(596): Illuminate\Routing\Router->dispatchToRoute(Object(Illuminate\Http\Request))
#50 D:\Programming\PHP\Source\xampp\htdocs\Arsip\vendor\laravel\framework\src\Illuminate\Foundation\Http\Kernel.php(267): Illuminate\Routing\Router->dispatch(Object(Illuminate\Http\Request))
#51 D:\Programming\PHP\Source\xampp\htdocs\Arsip\vendor\laravel\framework\src\Illuminate\Routing\Pipeline.php(53): Illuminate\Foundation\Http\Kernel->Illuminate\Foundation\Http\{closure}(Object(Illuminate\Http\Request))
#52 D:\Programming\PHP\Source\xampp\htdocs\Arsip\vendor\laravel\framework\src\Illuminate\Foundation\Http\Middleware\CheckForMaintenanceMode.php(46): Illuminate\Routing\Pipeline->Illuminate\Routing\{closure}(Object(Illuminate\Http\Request))
#53 D:\Programming\PHP\Source\xampp\htdocs\Arsip\vendor\laravel\framework\src\Illuminate\Pipeline\Pipeline.php(137): Illuminate\Foundation\Http\Middleware\CheckForMaintenanceMode->handle(Object(Illuminate\Http\Request), Object(Closure))
#54 D:\Programming\PHP\Source\xampp\htdocs\Arsip\vendor\laravel\framework\src\Illuminate\Routing\Pipeline.php(33): Illuminate\Pipeline\Pipeline->Illuminate\Pipeline\{closure}(Object(Illuminate\Http\Request))
#55 D:\Programming\PHP\Source\xampp\htdocs\Arsip\vendor\laravel\framework\src\Illuminate\Pipeline\Pipeline.php(104): Illuminate\Routing\Pipeline->Illuminate\Routing\{closure}(Object(Illuminate\Http\Request))
#56 D:\Programming\PHP\Source\xampp\htdocs\Arsip\vendor\laravel\framework\src\Illuminate\Foundation\Http\Kernel.php(149): Illuminate\Pipeline\Pipeline->then(Object(Closure))
#57 D:\Programming\PHP\Source\xampp\htdocs\Arsip\vendor\laravel\framework\src\Illuminate\Foundation\Http\Kernel.php(116): Illuminate\Foundation\Http\Kernel->sendRequestThroughRouter(Object(Illuminate\Http\Request))
#58 D:\Programming\PHP\Source\xampp\htdocs\Arsip\public\index.php(53): Illuminate\Foundation\Http\Kernel->handle(Object(Illuminate\Http\Request))
#59 D:\Programming\PHP\Source\xampp\htdocs\Arsip\server.php(21): require_once('D:\\Programming\\...')
#60 {main}  
